\BOOKMARK [0][-]{chapter*.4}{\376\377\000P\000r\000e\000f\000a\000c\000e}{}% 1
\BOOKMARK [-1][-]{part.1}{\376\377\000I\000\040\000T\000h\000e\000\040\000S\000o\000l\000v\000e\000d\000\040\000P\000r\000o\000b\000l\000e\000m}{}% 2
\BOOKMARK [0][-]{chapter.1}{\376\377\000T\000h\000e\000\040\000P\000o\000i\000n\000c\000a\000r\000\351\000\040\000C\000o\000n\000j\000e\000c\000t\000u\000r\000e}{part.1}% 3
\BOOKMARK [1][-]{section.1.1}{\376\377\000I\000n\000t\000r\000o\000d\000u\000c\000t\000i\000o\000n}{chapter.1}% 4
\BOOKMARK [1][-]{section.1.2}{\376\377\000T\000o\000p\000o\000l\000o\000g\000i\000c\000a\000l\000\040\000P\000r\000e\000l\000i\000m\000i\000n\000a\000r\000i\000e\000s}{chapter.1}% 5
\BOOKMARK [2][-]{subsection.1.2.1}{\376\377\000T\000h\000e\000\040\000F\000u\000n\000d\000a\000m\000e\000n\000t\000a\000l\000\040\000G\000r\000o\000u\000p}{section.1.2}% 6
\BOOKMARK [2][-]{subsection.1.2.2}{\376\377\000H\000i\000g\000h\000e\000r\000\040\000H\000o\000m\000o\000t\000o\000p\000y\000\040\000G\000r\000o\000u\000p\000s}{section.1.2}% 7
\BOOKMARK [2][-]{subsection.1.2.3}{\376\377\000H\000o\000m\000o\000l\000o\000g\000y\000\040\000a\000n\000d\000\040\000C\000o\000h\000o\000m\000o\000l\000o\000g\000y}{section.1.2}% 8
\BOOKMARK [2][-]{subsection.1.2.4}{\376\377\000T\000h\000e\000\040\000C\000l\000a\000s\000s\000i\000f\000i\000c\000a\000t\000i\000o\000n\000\040\000o\000f\000\040\000S\000u\000r\000f\000a\000c\000e\000s}{section.1.2}% 9
\BOOKMARK [2][-]{subsection.1.2.5}{\376\377\000C\000o\000n\000n\000e\000c\000t\000e\000d\000\040\000S\000u\000m\000\040\000a\000n\000d\000\040\000P\000r\000i\000m\000e\000\040\000D\000e\000c\000o\000m\000p\000o\000s\000i\000t\000i\000o\000n}{section.1.2}% 10
\BOOKMARK [1][-]{section.1.3}{\376\377\000S\000t\000a\000t\000e\000m\000e\000n\000t\000\040\000o\000f\000\040\000t\000h\000e\000\040\000C\000o\000n\000j\000e\000c\000t\000u\000r\000e}{chapter.1}% 11
\BOOKMARK [2][-]{subsection.1.3.1}{\376\377\000T\000h\000e\000\040\000P\000o\000i\000n\000c\000a\000r\000\351\000\040\000C\000o\000n\000j\000e\000c\000t\000u\000r\000e\000\040\000i\000n\000\040\000H\000i\000g\000h\000e\000r\000\040\000D\000i\000m\000e\000n\000s\000i\000o\000n\000s}{section.1.3}% 12
\BOOKMARK [2][-]{subsection.1.3.2}{\376\377\000H\000i\000s\000t\000o\000r\000i\000c\000a\000l\000\040\000F\000o\000r\000m\000u\000l\000a\000t\000i\000o\000n\000s}{section.1.3}% 13
\BOOKMARK [1][-]{section.1.4}{\376\377\000H\000a\000m\000i\000l\000t\000o\000n\000'\000s\000\040\000P\000r\000o\000g\000r\000a\000m\000:\000\040\000T\000h\000e\000\040\000R\000i\000c\000c\000i\000\040\000F\000l\000o\000w}{chapter.1}% 14
\BOOKMARK [2][-]{subsection.1.4.1}{\376\377\000T\000h\000e\000\040\000H\000e\000a\000t\000\040\000A\000n\000a\000l\000o\000g\000y}{section.1.4}% 15
\BOOKMARK [2][-]{subsection.1.4.2}{\376\377\000T\000h\000e\000\040\000S\000i\000n\000g\000u\000l\000a\000r\000i\000t\000y\000\040\000P\000r\000o\000b\000l\000e\000m}{section.1.4}% 16
\BOOKMARK [2][-]{subsection.1.4.3}{\376\377\000H\000a\000m\000i\000l\000t\000o\000n\000'\000s\000\040\000R\000e\000s\000u\000l\000t\000s}{section.1.4}% 17
\BOOKMARK [1][-]{section.1.5}{\376\377\000P\000e\000r\000e\000l\000m\000a\000n\000'\000s\000\040\000B\000r\000e\000a\000k\000t\000h\000r\000o\000u\000g\000h}{chapter.1}% 18
\BOOKMARK [2][-]{subsection.1.5.1}{\376\377\0001\000.\000\040\000T\000h\000e\000\040\000E\000n\000t\000r\000o\000p\000y\000\040\000F\000u\000n\000c\000t\000i\000o\000n\000a\000l}{section.1.5}% 19
\BOOKMARK [2][-]{subsection.1.5.2}{\376\377\0002\000.\000\040\000N\000o\000\040\000L\000o\000c\000a\000l\000\040\000C\000o\000l\000l\000a\000p\000s\000i\000n\000g\000\040\000T\000h\000e\000o\000r\000e\000m}{section.1.5}% 20
\BOOKMARK [2][-]{subsection.1.5.3}{\376\377\0003\000.\000\040\000R\000i\000c\000c\000i\000\040\000F\000l\000o\000w\000\040\000w\000i\000t\000h\000\040\000S\000u\000r\000g\000e\000r\000y}{section.1.5}% 21
\BOOKMARK [2][-]{subsection.1.5.4}{\376\377\000T\000h\000e\000\040\000C\000a\000n\000o\000n\000i\000c\000a\000l\000\040\000N\000e\000i\000g\000h\000b\000o\000r\000h\000o\000o\000d\000\040\000T\000h\000e\000o\000r\000e\000m}{section.1.5}% 22
\BOOKMARK [2][-]{subsection.1.5.5}{\376\377\000F\000i\000n\000i\000t\000e\000\040\000E\000x\000t\000i\000n\000c\000t\000i\000o\000n\000\040\000T\000i\000m\000e}{section.1.5}% 23
\BOOKMARK [1][-]{section.1.6}{\376\377\000V\000e\000r\000i\000f\000i\000c\000a\000t\000i\000o\000n\000\040\000a\000n\000d\000\040\000A\000c\000c\000e\000p\000t\000a\000n\000c\000e}{chapter.1}% 24
\BOOKMARK [2][-]{subsection.1.6.1}{\376\377\000T\000h\000e\000\040\000V\000e\000r\000i\000f\000i\000c\000a\000t\000i\000o\000n\000\040\000E\000f\000f\000o\000r\000t\000s}{section.1.6}% 25
\BOOKMARK [1][-]{section.1.7}{\376\377\000T\000h\000e\000\040\000T\000h\000u\000r\000s\000t\000o\000n\000\040\000G\000e\000o\000m\000e\000t\000r\000i\000z\000a\000t\000i\000o\000n\000\040\000C\000o\000n\000j\000e\000c\000t\000u\000r\000e}{chapter.1}% 26
\BOOKMARK [2][-]{subsection.1.7.1}{\376\377\000T\000h\000e\000\040\000E\000i\000g\000h\000t\000\040\000T\000h\000u\000r\000s\000t\000o\000n\000\040\000G\000e\000o\000m\000e\000t\000r\000i\000e\000s}{section.1.7}% 27
\BOOKMARK [2][-]{subsection.1.7.2}{\376\377\000T\000h\000e\000\040\000P\000o\000i\000n\000c\000a\000r\000\351\000\040\000C\000o\000n\000j\000e\000c\000t\000u\000r\000e\000\040\000a\000s\000\040\000a\000\040\000S\000p\000e\000c\000i\000a\000l\000\040\000C\000a\000s\000e}{section.1.7}% 28
\BOOKMARK [1][-]{section.1.8}{\376\377\000T\000h\000e\000\040\000H\000u\000m\000a\000n\000\040\000S\000t\000o\000r\000y}{chapter.1}% 29
\BOOKMARK [2][-]{subsection.1.8.1}{\376\377\000G\000r\000i\000g\000o\000r\000i\000\040\000P\000e\000r\000e\000l\000m\000a\000n}{section.1.8}% 30
\BOOKMARK [2][-]{subsection.1.8.2}{\376\377\000T\000h\000e\000\040\000C\000o\000n\000t\000r\000o\000v\000e\000r\000s\000i\000e\000s}{section.1.8}% 31
\BOOKMARK [2][-]{subsection.1.8.3}{\376\377\000R\000i\000c\000h\000a\000r\000d\000\040\000H\000a\000m\000i\000l\000t\000o\000n}{section.1.8}% 32
\BOOKMARK [2][-]{subsection.1.8.4}{\376\377\000W\000i\000l\000l\000i\000a\000m\000\040\000T\000h\000u\000r\000s\000t\000o\000n}{section.1.8}% 33
\BOOKMARK [1][-]{section.1.9}{\376\377\000T\000h\000e\000\040\000R\000i\000c\000c\000i\000\040\000F\000l\000o\000w\000\040\000i\000n\000\040\000H\000i\000g\000h\000e\000r\000\040\000D\000i\000m\000e\000n\000s\000i\000o\000n\000s}{chapter.1}% 34
\BOOKMARK [1][-]{section.1.10}{\376\377\000A\000p\000p\000l\000i\000c\000a\000t\000i\000o\000n\000s\000\040\000a\000n\000d\000\040\000L\000e\000g\000a\000c\000y}{chapter.1}% 35
\BOOKMARK [2][-]{subsection.1.10.1}{\376\377\000G\000e\000o\000m\000e\000t\000r\000i\000c\000\040\000T\000o\000p\000o\000l\000o\000g\000y}{section.1.10}% 36
\BOOKMARK [2][-]{subsection.1.10.2}{\376\377\000G\000e\000o\000m\000e\000t\000r\000i\000c\000\040\000A\000n\000a\000l\000y\000s\000i\000s}{section.1.10}% 37
\BOOKMARK [2][-]{subsection.1.10.3}{\376\377\000P\000h\000y\000s\000i\000c\000s}{section.1.10}% 38
\BOOKMARK [1][-]{section.1.11}{\376\377\000E\000x\000e\000r\000c\000i\000s\000e\000s}{chapter.1}% 39
\BOOKMARK [1][-]{section.1.12}{\376\377\000F\000u\000r\000t\000h\000e\000r\000\040\000R\000e\000a\000d\000i\000n\000g}{chapter.1}% 40
\BOOKMARK [-1][-]{part.2}{\376\377\000I\000I\000\040\000T\000h\000e\000\040\000O\000p\000e\000n\000\040\000P\000r\000o\000b\000l\000e\000m\000s}{}% 41
\BOOKMARK [0][-]{chapter.2}{\376\377\000T\000h\000e\000\040\000R\000i\000e\000m\000a\000n\000n\000\040\000H\000y\000p\000o\000t\000h\000e\000s\000i\000s}{part.2}% 42
\BOOKMARK [1][-]{section.2.1}{\376\377\000I\000n\000t\000r\000o\000d\000u\000c\000t\000i\000o\000n}{chapter.2}% 43
\BOOKMARK [1][-]{section.2.2}{\376\377\000P\000r\000i\000m\000e\000\040\000N\000u\000m\000b\000e\000r\000s}{chapter.2}% 44
\BOOKMARK [2][-]{subsection.2.2.1}{\376\377\000D\000e\000f\000i\000n\000i\000t\000i\000o\000n\000\040\000a\000n\000d\000\040\000t\000h\000e\000\040\000F\000u\000n\000d\000a\000m\000e\000n\000t\000a\000l\000\040\000T\000h\000e\000o\000r\000e\000m}{section.2.2}% 45
\BOOKMARK [2][-]{subsection.2.2.2}{\376\377\000T\000h\000e\000\040\000D\000i\000s\000t\000r\000i\000b\000u\000t\000i\000o\000n\000\040\000o\000f\000\040\000P\000r\000i\000m\000e\000s}{section.2.2}% 46
\BOOKMARK [2][-]{subsection.2.2.3}{\376\377\000T\000h\000e\000\040\000P\000r\000i\000m\000e\000\040\000N\000u\000m\000b\000e\000r\000\040\000T\000h\000e\000o\000r\000e\000m}{section.2.2}% 47
\BOOKMARK [1][-]{section.2.3}{\376\377\000T\000h\000e\000\040\000R\000i\000e\000m\000a\000n\000n\000\040\000Z\000e\000t\000a\000\040\000F\000u\000n\000c\000t\000i\000o\000n}{chapter.2}% 48
\BOOKMARK [2][-]{subsection.2.3.1}{\376\377\000D\000e\000f\000i\000n\000i\000t\000i\000o\000n\000\040\000a\000n\000d\000\040\000B\000a\000s\000i\000c\000\040\000P\000r\000o\000p\000e\000r\000t\000i\000e\000s}{section.2.3}% 49
\BOOKMARK [2][-]{subsection.2.3.2}{\376\377\000T\000h\000e\000\040\000E\000u\000l\000e\000r\000\040\000P\000r\000o\000d\000u\000c\000t}{section.2.3}% 50
\BOOKMARK [2][-]{subsection.2.3.3}{\376\377\000T\000h\000e\000\040\000G\000a\000m\000m\000a\000\040\000F\000u\000n\000c\000t\000i\000o\000n}{section.2.3}% 51
\BOOKMARK [2][-]{subsection.2.3.4}{\376\377\000T\000h\000e\000\040\000F\000u\000n\000c\000t\000i\000o\000n\000a\000l\000\040\000E\000q\000u\000a\000t\000i\000o\000n\000\040\000a\000n\000d\000\040\000A\000n\000a\000l\000y\000t\000i\000c\000\040\000C\000o\000n\000t\000i\000n\000u\000a\000t\000i\000o\000n}{section.2.3}% 52
\BOOKMARK [1][-]{section.2.4}{\376\377\000Z\000e\000r\000o\000s\000\040\000o\000f\000\040\000t\000h\000e\000\040\000Z\000e\000t\000a\000\040\000F\000u\000n\000c\000t\000i\000o\000n}{chapter.2}% 53
\BOOKMARK [2][-]{subsection.2.4.1}{\376\377\000T\000r\000i\000v\000i\000a\000l\000\040\000Z\000e\000r\000o\000s}{section.2.4}% 54
\BOOKMARK [2][-]{subsection.2.4.2}{\376\377\000T\000h\000e\000\040\000C\000r\000i\000t\000i\000c\000a\000l\000\040\000S\000t\000r\000i\000p\000\040\000a\000n\000d\000\040\000t\000h\000e\000\040\000C\000r\000i\000t\000i\000c\000a\000l\000\040\000L\000i\000n\000e}{section.2.4}% 55
\BOOKMARK [2][-]{subsection.2.4.3}{\376\377\000T\000h\000e\000\040\000R\000i\000e\000m\000a\000n\000n\040\023\000v\000o\000n\000\040\000M\000a\000n\000g\000o\000l\000d\000t\000\040\000F\000o\000r\000m\000u\000l\000a}{section.2.4}% 56
\BOOKMARK [2][-]{subsection.2.4.4}{\376\377\000V\000i\000s\000u\000a\000l\000\040\000D\000e\000s\000c\000r\000i\000p\000t\000i\000o\000n\000\040\000o\000f\000\040\000t\000h\000e\000\040\000Z\000e\000r\000o\000s}{section.2.4}% 57
\BOOKMARK [1][-]{section.2.5}{\376\377\000T\000h\000e\000\040\000P\000r\000i\000m\000e\000\040\000N\000u\000m\000b\000e\000r\000\040\000T\000h\000e\000o\000r\000e\000m\000\040\000a\000n\000d\000\040\000t\000h\000e\000\040\000E\000r\000r\000o\000r\000\040\000T\000e\000r\000m}{chapter.2}% 58
\BOOKMARK [2][-]{subsection.2.5.1}{\376\377\000F\000r\000o\000m\000\040\000Z\000e\000t\000a\000\040\000t\000o\000\040\000P\000r\000i\000m\000e\000s\000:\000\040\000T\000h\000e\000\040\000P\000r\000o\000o\000f\000\040\000S\000k\000e\000t\000c\000h\000\040\000o\000f\000\040\000P\000N\000T}{section.2.5}% 59
\BOOKMARK [2][-]{subsection.2.5.2}{\376\377\000T\000h\000e\000\040\000E\000r\000r\000o\000r\000\040\000T\000e\000r\000m\000\040\000a\000n\000d\000\040\000t\000h\000e\000\040\000R\000i\000e\000m\000a\000n\000n\000\040\000H\000y\000p\000o\000t\000h\000e\000s\000i\000s}{section.2.5}% 60
\BOOKMARK [2][-]{subsection.2.5.3}{\376\377\000L\000i\000\050\000x\000\051\000\040\000v\000s\000.\000\040\000\050\000x\000\051}{section.2.5}% 61
\BOOKMARK [1][-]{section.2.6}{\376\377\000C\000o\000m\000p\000u\000t\000a\000t\000i\000o\000n\000a\000l\000\040\000E\000v\000i\000d\000e\000n\000c\000e}{chapter.2}% 62
\BOOKMARK [2][-]{subsection.2.6.1}{\376\377\000H\000i\000s\000t\000o\000r\000y\000\040\000o\000f\000\040\000C\000o\000m\000p\000u\000t\000i\000n\000g\000\040\000Z\000e\000r\000o\000s}{section.2.6}% 63
\BOOKMARK [2][-]{subsection.2.6.2}{\376\377\000T\000h\000e\000\040\000R\000i\000e\000m\000a\000n\000n\040\023\000S\000i\000e\000g\000e\000l\000\040\000F\000o\000r\000m\000u\000l\000a}{section.2.6}% 64
\BOOKMARK [2][-]{subsection.2.6.3}{\376\377\000T\000h\000e\000\040\000M\000o\000n\000t\000g\000o\000m\000e\000r\000y\000\040\000P\000a\000i\000r\000\040\000C\000o\000r\000r\000e\000l\000a\000t\000i\000o\000n\000\040\000C\000o\000n\000j\000e\000c\000t\000u\000r\000e}{section.2.6}% 65
\BOOKMARK [1][-]{section.2.7}{\376\377\000T\000h\000e\000\040\000E\000x\000p\000l\000i\000c\000i\000t\000\040\000F\000o\000r\000m\000u\000l\000a}{chapter.2}% 66
\BOOKMARK [2][-]{subsection.2.7.1}{\376\377\000T\000h\000e\000\040\000V\000o\000n\000\040\000M\000a\000n\000g\000o\000l\000d\000t\000\040\000F\000u\000n\000c\000t\000i\000o\000n\000\040\000a\000n\000d\000\040\000\050\000x\000\051}{section.2.7}% 67
\BOOKMARK [2][-]{subsection.2.7.2}{\376\377\000T\000h\000e\000\040\000E\000x\000p\000l\000i\000c\000i\000t\000\040\000F\000o\000r\000m\000u\000l\000a}{section.2.7}% 68
\BOOKMARK [2][-]{subsection.2.7.3}{\376\377\000H\000o\000w\000\040\000R\000H\000\040\000G\000i\000v\000e\000s\000\040\000t\000h\000e\000\040\000O\000p\000t\000i\000m\000a\000l\000\040\000E\000r\000r\000o\000r\000\040\000T\000e\000r\000m}{section.2.7}% 69
\BOOKMARK [2][-]{subsection.2.7.4}{\376\377\000P\000r\000i\000m\000e\000s\000\040\000a\000s\000\040\000E\000v\000e\000n\000l\000y\000\040\000D\000i\000s\000t\000r\000i\000b\000u\000t\000e\000d\000\040\000a\000s\000\040\000P\000o\000s\000s\000i\000b\000l\000e}{section.2.7}% 70
\BOOKMARK [1][-]{section.2.8}{\376\377\000G\000e\000n\000e\000r\000a\000l\000i\000z\000a\000t\000i\000o\000n\000s}{chapter.2}% 71
\BOOKMARK [2][-]{subsection.2.8.1}{\376\377\000D\000i\000r\000i\000c\000h\000l\000e\000t\000\040\000L\000-\000F\000u\000n\000c\000t\000i\000o\000n\000s}{section.2.8}% 72
\BOOKMARK [2][-]{subsection.2.8.2}{\376\377\000T\000h\000e\000\040\000G\000e\000n\000e\000r\000a\000l\000i\000z\000e\000d\000\040\000R\000i\000e\000m\000a\000n\000n\000\040\000H\000y\000p\000o\000t\000h\000e\000s\000i\000s}{section.2.8}% 73
\BOOKMARK [2][-]{subsection.2.8.3}{\376\377\000D\000e\000d\000e\000k\000i\000n\000d\000\040\000Z\000e\000t\000a\000\040\000F\000u\000n\000c\000t\000i\000o\000n\000s}{section.2.8}% 74
\BOOKMARK [2][-]{subsection.2.8.4}{\376\377\000T\000h\000e\000\040\000W\000e\000i\000l\000\040\000C\000o\000n\000j\000e\000c\000t\000u\000r\000e\000s}{section.2.8}% 75
\BOOKMARK [2][-]{subsection.2.8.5}{\376\377\000T\000h\000e\000\040\000L\000a\000n\000g\000l\000a\000n\000d\000s\000\040\000P\000r\000o\000g\000r\000a\000m}{section.2.8}% 76
\BOOKMARK [1][-]{section.2.9}{\376\377\000A\000t\000t\000e\000m\000p\000t\000e\000d\000\040\000P\000r\000o\000o\000f\000s\000\040\000a\000n\000d\000\040\000P\000r\000o\000g\000r\000e\000s\000s}{chapter.2}% 77
\BOOKMARK [2][-]{subsection.2.9.1}{\376\377\000H\000a\000r\000d\000y\000'\000s\000\040\000T\000h\000e\000o\000r\000e\000m}{section.2.9}% 78
\BOOKMARK [2][-]{subsection.2.9.2}{\376\377\000S\000e\000l\000b\000e\000r\000g\000,\000\040\000L\000e\000v\000i\000n\000s\000o\000n\000,\000\040\000a\000n\000d\000\040\000C\000o\000n\000r\000e\000y}{section.2.9}% 79
\BOOKMARK [2][-]{subsection.2.9.3}{\376\377\000T\000h\000e\000\040\000D\000e\000\040\000B\000r\000u\000i\000j\000n\040\023\000N\000e\000w\000m\000a\000n\000\040\000C\000o\000n\000s\000t\000a\000n\000t}{section.2.9}% 80
\BOOKMARK [2][-]{subsection.2.9.4}{\376\377\000C\000l\000a\000i\000m\000e\000d\000\040\000P\000r\000o\000o\000f\000s\000\040\000a\000n\000d\000\040\000W\000h\000y\000\040\000T\000h\000e\000y\000\040\000F\000a\000i\000l\000e\000d}{section.2.9}% 81
\BOOKMARK [2][-]{subsection.2.9.5}{\376\377\000T\000h\000e\000\040\000B\000a\000r\000r\000i\000e\000r\000s}{section.2.9}% 82
\BOOKMARK [1][-]{section.2.10}{\376\377\000C\000o\000n\000s\000e\000q\000u\000e\000n\000c\000e\000s}{chapter.2}% 83
\BOOKMARK [2][-]{subsection.2.10.1}{\376\377\000P\000r\000i\000m\000e\000\040\000G\000a\000p\000s}{section.2.10}% 84
\BOOKMARK [2][-]{subsection.2.10.2}{\376\377\000C\000r\000y\000p\000t\000o\000g\000r\000a\000p\000h\000y}{section.2.10}% 85
\BOOKMARK [2][-]{subsection.2.10.3}{\376\377\000C\000o\000m\000p\000u\000t\000a\000t\000i\000o\000n\000a\000l\000\040\000C\000o\000m\000p\000l\000e\000x\000i\000t\000y}{section.2.10}% 86
\BOOKMARK [2][-]{subsection.2.10.4}{\376\377\000Q\000u\000a\000n\000t\000u\000m\000\040\000C\000h\000a\000o\000s\000\040\000a\000n\000d\000\040\000R\000a\000n\000d\000o\000m\000\040\000M\000a\000t\000r\000i\000c\000e\000s}{section.2.10}% 87
\BOOKMARK [1][-]{section.2.11}{\376\377\000F\000u\000r\000t\000h\000e\000r\000\040\000R\000e\000a\000d\000i\000n\000g}{chapter.2}% 88
\BOOKMARK [0][-]{chapter.3}{\376\377\000P\000\040\000V\000e\000r\000s\000u\000s\000\040\000N\000P}{part.2}% 89
\BOOKMARK [1][-]{section.3.1}{\376\377\000I\000n\000t\000r\000o\000d\000u\000c\000t\000i\000o\000n}{chapter.3}% 90
\BOOKMARK [1][-]{section.3.2}{\376\377\000M\000o\000d\000e\000l\000s\000\040\000o\000f\000\040\000C\000o\000m\000p\000u\000t\000a\000t\000i\000o\000n}{chapter.3}% 91
\BOOKMARK [2][-]{subsection.3.2.1}{\376\377\000T\000u\000r\000i\000n\000g\000\040\000M\000a\000c\000h\000i\000n\000e\000s}{section.3.2}% 92
\BOOKMARK [2][-]{subsection.3.2.2}{\376\377\000N\000o\000n\000-\000D\000e\000t\000e\000r\000m\000i\000n\000i\000s\000t\000i\000c\000\040\000T\000u\000r\000i\000n\000g\000\040\000M\000a\000c\000h\000i\000n\000e\000s}{section.3.2}% 93
\BOOKMARK [2][-]{subsection.3.2.3}{\376\377\000T\000h\000e\000\040\000C\000h\000u\000r\000c\000h\040\023\000T\000u\000r\000i\000n\000g\000\040\000T\000h\000e\000s\000i\000s}{section.3.2}% 94
\BOOKMARK [2][-]{subsection.3.2.4}{\376\377\000T\000h\000e\000\040\000R\000A\000M\000\040\000M\000o\000d\000e\000l}{section.3.2}% 95
\BOOKMARK [2][-]{subsection.3.2.5}{\376\377\000W\000h\000y\000\040\000T\000u\000r\000i\000n\000g\000\040\000M\000a\000c\000h\000i\000n\000e\000s\000?}{section.3.2}% 96
\BOOKMARK [2][-]{subsection.3.2.6}{\376\377\000T\000i\000m\000e\000\040\000C\000o\000m\000p\000l\000e\000x\000i\000t\000y\000\040\000a\000n\000d\000\040\000B\000i\000g\000-\000O\000\040\000N\000o\000t\000a\000t\000i\000o\000n}{section.3.2}% 97
\BOOKMARK [1][-]{section.3.3}{\376\377\000T\000h\000e\000\040\000C\000l\000a\000s\000s\000\040\000P}{chapter.3}% 98
\BOOKMARK [2][-]{subsection.3.3.1}{\376\377\000F\000o\000r\000m\000a\000l\000\040\000D\000e\000f\000i\000n\000i\000t\000i\000o\000n}{section.3.3}% 99
\BOOKMARK [2][-]{subsection.3.3.2}{\376\377\000E\000x\000a\000m\000p\000l\000e\000s\000\040\000o\000f\000\040\000P\000r\000o\000b\000l\000e\000m\000s\000\040\000i\000n\000\040\000P}{section.3.3}% 100
\BOOKMARK [2][-]{subsection.3.3.3}{\376\377\000P\000o\000l\000y\000n\000o\000m\000i\000a\000l\000\040\000v\000s\000.\000\040\000E\000x\000p\000o\000n\000e\000n\000t\000i\000a\000l\000\040\000T\000i\000m\000e}{section.3.3}% 101
\BOOKMARK [2][-]{subsection.3.3.4}{\376\377\000W\000h\000a\000t\000\040\000`\000`\000E\000f\000f\000i\000c\000i\000e\000n\000t\000'\000'\000\040\000M\000e\000a\000n\000s}{section.3.3}% 102
\BOOKMARK [1][-]{section.3.4}{\376\377\000T\000h\000e\000\040\000C\000l\000a\000s\000s\000\040\000N\000P}{chapter.3}% 103
\BOOKMARK [2][-]{subsection.3.4.1}{\376\377\000T\000h\000e\000\040\000V\000e\000r\000i\000f\000i\000e\000r\000\040\000D\000e\000f\000i\000n\000i\000t\000i\000o\000n}{section.3.4}% 104
\BOOKMARK [2][-]{subsection.3.4.2}{\376\377\000N\000o\000n\000-\000D\000e\000t\000e\000r\000m\000i\000n\000i\000s\000t\000i\000c\000\040\000T\000u\000r\000i\000n\000g\000\040\000M\000a\000c\000h\000i\000n\000e\000\040\000D\000e\000f\000i\000n\000i\000t\000i\000o\000n}{section.3.4}% 105
\BOOKMARK [2][-]{subsection.3.4.3}{\376\377\000E\000x\000a\000m\000p\000l\000e\000s\000\040\000o\000f\000\040\000P\000r\000o\000b\000l\000e\000m\000s\000\040\000i\000n\000\040\000N\000P}{section.3.4}% 106
\BOOKMARK [2][-]{subsection.3.4.4}{\376\377\000R\000e\000l\000a\000t\000i\000o\000n\000s\000h\000i\000p\000\040\000P\000\040\000\040\000N\000P}{section.3.4}% 107
\BOOKMARK [1][-]{section.3.5}{\376\377\000N\000P\000-\000C\000o\000m\000p\000l\000e\000t\000e\000n\000e\000s\000s}{chapter.3}% 108
\BOOKMARK [2][-]{subsection.3.5.1}{\376\377\000P\000o\000l\000y\000n\000o\000m\000i\000a\000l\000-\000T\000i\000m\000e\000\040\000R\000e\000d\000u\000c\000t\000i\000o\000n\000s}{section.3.5}% 109
\BOOKMARK [2][-]{subsection.3.5.2}{\376\377\000D\000e\000f\000i\000n\000i\000t\000i\000o\000n\000\040\000o\000f\000\040\000N\000P\000-\000C\000o\000m\000p\000l\000e\000t\000e\000n\000e\000s\000s}{section.3.5}% 110
\BOOKMARK [2][-]{subsection.3.5.3}{\376\377\000T\000h\000e\000\040\000C\000o\000o\000k\040\023\000L\000e\000v\000i\000n\000\040\000T\000h\000e\000o\000r\000e\000m}{section.3.5}% 111
\BOOKMARK [2][-]{subsection.3.5.4}{\376\377\000K\000a\000r\000p\000'\000s\000\040\0002\0001\000\040\000N\000P\000-\000C\000o\000m\000p\000l\000e\000t\000e\000\040\000P\000r\000o\000b\000l\000e\000m\000s}{section.3.5}% 112
\BOOKMARK [2][-]{subsection.3.5.5}{\376\377\000E\000x\000a\000m\000p\000l\000e\000\040\000R\000e\000d\000u\000c\000t\000i\000o\000n\000s}{section.3.5}% 113
\BOOKMARK [1][-]{section.3.6}{\376\377\000T\000h\000e\000\040\000P\000\040\000v\000s\000\040\000N\000P\000\040\000Q\000u\000e\000s\000t\000i\000o\000n}{chapter.3}% 114
\BOOKMARK [2][-]{subsection.3.6.1}{\376\377\000W\000h\000y\000\040\000M\000o\000s\000t\000\040\000E\000x\000p\000e\000r\000t\000s\000\040\000B\000e\000l\000i\000e\000v\000e\000\040\000P\000\040\000=\000\040\000N\000P}{section.3.6}% 115
\BOOKMARK [1][-]{section.3.7}{\376\377\000C\000o\000n\000s\000e\000q\000u\000e\000n\000c\000e\000s\000\040\000o\000f\000\040\000P\000\040\000=\000\040\000N\000P}{chapter.3}% 116
\BOOKMARK [2][-]{subsection.3.7.1}{\376\377\000A\000l\000g\000o\000r\000i\000t\000h\000m\000s\000\040\000f\000o\000r\000\040\000A\000l\000l\000\040\000N\000P\000\040\000P\000r\000o\000b\000l\000e\000m\000s}{section.3.7}% 117
\BOOKMARK [2][-]{subsection.3.7.2}{\376\377\000A\000u\000t\000o\000m\000a\000t\000e\000d\000\040\000T\000h\000e\000o\000r\000e\000m\000\040\000P\000r\000o\000v\000i\000n\000g}{section.3.7}% 118
\BOOKMARK [2][-]{subsection.3.7.3}{\376\377\000B\000r\000e\000a\000k\000i\000n\000g\000\040\000C\000r\000y\000p\000t\000o\000g\000r\000a\000p\000h\000y}{section.3.7}% 119
\BOOKMARK [2][-]{subsection.3.7.4}{\376\377\000R\000e\000v\000o\000l\000u\000t\000i\000o\000n\000\040\000i\000n\000\040\000O\000p\000t\000i\000m\000i\000z\000a\000t\000i\000o\000n\000\040\000a\000n\000d\000\040\000S\000c\000i\000e\000n\000c\000e}{section.3.7}% 120
\BOOKMARK [1][-]{section.3.8}{\376\377\000C\000o\000n\000s\000e\000q\000u\000e\000n\000c\000e\000s\000\040\000o\000f\000\040\000P\000\040\000=\000\040\000N\000P}{chapter.3}% 121
\BOOKMARK [2][-]{subsection.3.8.1}{\376\377\000H\000a\000r\000d\000n\000e\000s\000s\000\040\000A\000s\000s\000u\000m\000p\000t\000i\000o\000n\000s\000\040\000C\000o\000n\000f\000i\000r\000m\000e\000d}{section.3.8}% 122
\BOOKMARK [2][-]{subsection.3.8.2}{\376\377\000C\000r\000y\000p\000t\000o\000g\000r\000a\000p\000h\000i\000c\000\040\000F\000o\000u\000n\000d\000a\000t\000i\000o\000n\000s}{section.3.8}% 123
\BOOKMARK [2][-]{subsection.3.8.3}{\376\377\000L\000i\000m\000i\000t\000s\000\040\000o\000f\000\040\000C\000o\000m\000p\000u\000t\000a\000t\000i\000o\000n}{section.3.8}% 124
\BOOKMARK [2][-]{subsection.3.8.4}{\376\377\000A\000p\000p\000r\000o\000x\000i\000m\000a\000t\000i\000o\000n\000\040\000A\000l\000g\000o\000r\000i\000t\000h\000m\000s\000\040\000a\000n\000d\000\040\000H\000a\000r\000d\000n\000e\000s\000s\000\040\000o\000f\000\040\000A\000p\000p\000r\000o\000x\000i\000m\000a\000t\000i\000o\000n}{section.3.8}% 125
\BOOKMARK [2][-]{subsection.3.8.5}{\376\377\000L\000a\000d\000n\000e\000r\000'\000s\000\040\000T\000h\000e\000o\000r\000e\000m\000:\000\040\000N\000P\000-\000I\000n\000t\000e\000r\000m\000e\000d\000i\000a\000t\000e\000\040\000P\000r\000o\000b\000l\000e\000m\000s}{section.3.8}% 126
\BOOKMARK [1][-]{section.3.9}{\376\377\000T\000h\000e\000\040\000B\000a\000r\000r\000i\000e\000r\000\040\000R\000e\000s\000u\000l\000t\000s}{chapter.3}% 127
\BOOKMARK [2][-]{subsection.3.9.1}{\376\377\000R\000e\000l\000a\000t\000i\000v\000i\000z\000a\000t\000i\000o\000n\000\040\000\050\000B\000a\000k\000e\000r\040\023\000G\000i\000l\000l\040\023\000S\000o\000l\000o\000v\000a\000y\000,\000\040\0001\0009\0007\0005\000\051}{section.3.9}% 128
\BOOKMARK [2][-]{subsection.3.9.2}{\376\377\000N\000a\000t\000u\000r\000a\000l\000\040\000P\000r\000o\000o\000f\000s\000\040\000\050\000R\000a\000z\000b\000o\000r\000o\000v\040\023\000R\000u\000d\000i\000c\000h\000,\000\040\0001\0009\0009\0007\000\051}{section.3.9}% 129
\BOOKMARK [2][-]{subsection.3.9.3}{\376\377\000A\000l\000g\000e\000b\000r\000i\000z\000a\000t\000i\000o\000n\000\040\000\050\000A\000a\000r\000o\000n\000s\000o\000n\040\023\000W\000i\000g\000d\000e\000r\000s\000o\000n\000,\000\040\0002\0000\0000\0009\000\051}{section.3.9}% 130
\BOOKMARK [2][-]{subsection.3.9.4}{\376\377\000S\000u\000m\000m\000a\000r\000y\000\040\000o\000f\000\040\000B\000a\000r\000r\000i\000e\000r\000s}{section.3.9}% 131
\BOOKMARK [1][-]{section.3.10}{\376\377\000B\000e\000y\000o\000n\000d\000\040\000P\000\040\000v\000s\000\040\000N\000P}{chapter.3}% 132
\BOOKMARK [2][-]{subsection.3.10.1}{\376\377\000T\000h\000e\000\040\000P\000o\000l\000y\000n\000o\000m\000i\000a\000l\000\040\000H\000i\000e\000r\000a\000r\000c\000h\000y}{section.3.10}% 133
\BOOKMARK [2][-]{subsection.3.10.2}{\376\377\000C\000o\000u\000n\000t\000i\000n\000g\000:\000\040\000T\000h\000e\000\040\000C\000l\000a\000s\000s\000\040\000\043\000P}{section.3.10}% 134
\BOOKMARK [2][-]{subsection.3.10.3}{\376\377\000P\000S\000P\000A\000C\000E}{section.3.10}% 135
\BOOKMARK [2][-]{subsection.3.10.4}{\376\377\000B\000P\000P\000:\000\040\000R\000a\000n\000d\000o\000m\000i\000z\000e\000d\000\040\000C\000o\000m\000p\000u\000t\000a\000t\000i\000o\000n}{section.3.10}% 136
\BOOKMARK [2][-]{subsection.3.10.5}{\376\377\000B\000Q\000P\000:\000\040\000Q\000u\000a\000n\000t\000u\000m\000\040\000C\000o\000m\000p\000u\000t\000a\000t\000i\000o\000n}{section.3.10}% 137
\BOOKMARK [2][-]{subsection.3.10.6}{\376\377\000I\000n\000t\000e\000r\000a\000c\000t\000i\000v\000e\000\040\000P\000r\000o\000o\000f\000s\000\040\000a\000n\000d\000\040\000Z\000e\000r\000o\000-\000K\000n\000o\000w\000l\000e\000d\000g\000e}{section.3.10}% 138
\BOOKMARK [2][-]{subsection.3.10.7}{\376\377\000T\000h\000e\000\040\000P\000C\000P\000\040\000T\000h\000e\000o\000r\000e\000m\000\040\000a\000n\000d\000\040\000A\000p\000p\000r\000o\000x\000i\000m\000a\000b\000i\000l\000i\000t\000y}{section.3.10}% 139
\BOOKMARK [2][-]{subsection.3.10.8}{\376\377\000C\000i\000r\000c\000u\000i\000t\000\040\000C\000o\000m\000p\000l\000e\000x\000i\000t\000y}{section.3.10}% 140
\BOOKMARK [2][-]{subsection.3.10.9}{\376\377\000T\000h\000e\000\040\000L\000a\000n\000d\000s\000c\000a\000p\000e\000\040\000o\000f\000\040\000C\000o\000m\000p\000l\000e\000x\000i\000t\000y\000\040\000C\000l\000a\000s\000s\000e\000s}{section.3.10}% 141
\BOOKMARK [1][-]{section.3.11}{\376\377\000E\000x\000e\000r\000c\000i\000s\000e\000s}{chapter.3}% 142
\BOOKMARK [1][-]{section.3.12}{\376\377\000F\000u\000r\000t\000h\000e\000r\000\040\000R\000e\000a\000d\000i\000n\000g}{chapter.3}% 143
\BOOKMARK [0][-]{chapter.4}{\376\377\000T\000h\000e\000\040\000N\000a\000v\000i\000e\000r\040\023\000S\000t\000o\000k\000e\000s\000\040\000E\000q\000u\000a\000t\000i\000o\000n\000s}{part.2}% 144
\BOOKMARK [1][-]{section.4.1}{\376\377\000I\000n\000t\000r\000o\000d\000u\000c\000t\000i\000o\000n}{chapter.4}% 145
\BOOKMARK [1][-]{section.4.2}{\376\377\000D\000e\000r\000i\000v\000a\000t\000i\000o\000n\000\040\000o\000f\000\040\000t\000h\000e\000\040\000E\000q\000u\000a\000t\000i\000o\000n\000s}{chapter.4}% 146
\BOOKMARK [2][-]{subsection.4.2.1}{\376\377\000T\000h\000e\000\040\000C\000o\000n\000t\000i\000n\000u\000i\000t\000y\000\040\000E\000q\000u\000a\000t\000i\000o\000n\000:\000\040\000C\000o\000n\000s\000e\000r\000v\000a\000t\000i\000o\000n\000\040\000o\000f\000\040\000M\000a\000s\000s}{section.4.2}% 147
\BOOKMARK [2][-]{subsection.4.2.2}{\376\377\000T\000h\000e\000\040\000M\000o\000m\000e\000n\000t\000u\000m\000\040\000E\000q\000u\000a\000t\000i\000o\000n\000:\000\040\000N\000e\000w\000t\000o\000n\000'\000s\000\040\000S\000e\000c\000o\000n\000d\000\040\000L\000a\000w}{section.4.2}% 148
\BOOKMARK [2][-]{subsection.4.2.3}{\376\377\000T\000h\000e\000\040\000S\000t\000r\000e\000s\000s\000\040\000T\000e\000n\000s\000o\000r\000\040\000f\000o\000r\000\040\000I\000n\000c\000o\000m\000p\000r\000e\000s\000s\000i\000b\000l\000e\000\040\000N\000e\000w\000t\000o\000n\000i\000a\000n\000\040\000F\000l\000u\000i\000d\000s}{section.4.2}% 149
\BOOKMARK [2][-]{subsection.4.2.4}{\376\377\000T\000h\000e\000\040\000F\000u\000l\000l\000\040\000N\000a\000v\000i\000e\000r\040\023\000S\000t\000o\000k\000e\000s\000\040\000S\000y\000s\000t\000e\000m}{section.4.2}% 150
\BOOKMARK [2][-]{subsection.4.2.5}{\376\377\000B\000o\000u\000n\000d\000a\000r\000y\000\040\000C\000o\000n\000d\000i\000t\000i\000o\000n\000s}{section.4.2}% 151
\BOOKMARK [2][-]{subsection.4.2.6}{\376\377\000I\000n\000i\000t\000i\000a\000l\000\040\000C\000o\000n\000d\000i\000t\000i\000o\000n\000s}{section.4.2}% 152
\BOOKMARK [1][-]{section.4.3}{\376\377\000P\000h\000y\000s\000i\000c\000a\000l\000\040\000I\000n\000t\000e\000r\000p\000r\000e\000t\000a\000t\000i\000o\000n}{chapter.4}% 153
\BOOKMARK [2][-]{subsection.4.3.1}{\376\377\000T\000h\000e\000\040\000M\000e\000a\000n\000i\000n\000g\000\040\000o\000f\000\040\000E\000a\000c\000h\000\040\000T\000e\000r\000m}{section.4.3}% 154
\BOOKMARK [2][-]{subsection.4.3.2}{\376\377\000T\000h\000e\000\040\000R\000e\000y\000n\000o\000l\000d\000s\000\040\000N\000u\000m\000b\000e\000r}{section.4.3}% 155
\BOOKMARK [2][-]{subsection.4.3.3}{\376\377\000L\000a\000m\000i\000n\000a\000r\000\040\000v\000e\000r\000s\000u\000s\000\040\000T\000u\000r\000b\000u\000l\000e\000n\000t\000\040\000F\000l\000o\000w}{section.4.3}% 156
\BOOKMARK [1][-]{section.4.4}{\376\377\000W\000h\000a\000t\000\040\000I\000s\000\040\000a\000\040\000S\000o\000l\000u\000t\000i\000o\000n\000?}{chapter.4}% 157
\BOOKMARK [2][-]{subsection.4.4.1}{\376\377\000C\000l\000a\000s\000s\000i\000c\000a\000l\000\040\000S\000o\000l\000u\000t\000i\000o\000n\000s}{section.4.4}% 158
\BOOKMARK [2][-]{subsection.4.4.2}{\376\377\000F\000u\000n\000c\000t\000i\000o\000n\000\040\000S\000p\000a\000c\000e\000s}{section.4.4}% 159
\BOOKMARK [2][-]{subsection.4.4.3}{\376\377\000W\000e\000a\000k\000\040\000S\000o\000l\000u\000t\000i\000o\000n\000s}{section.4.4}% 160
\BOOKMARK [2][-]{subsection.4.4.4}{\376\377\000L\000e\000r\000a\000y\000'\000s\000\040\000C\000o\000n\000s\000t\000r\000u\000c\000t\000i\000o\000n\000\040\000o\000f\000\040\000W\000e\000a\000k\000\040\000S\000o\000l\000u\000t\000i\000o\000n\000s}{section.4.4}% 161
\BOOKMARK [1][-]{section.4.5}{\376\377\000T\000h\000e\000\040\000M\000i\000l\000l\000e\000n\000n\000i\000u\000m\000\040\000P\000r\000o\000b\000l\000e\000m\000\040\000S\000t\000a\000t\000e\000m\000e\000n\000t}{chapter.4}% 162
\BOOKMARK [2][-]{subsection.4.5.1}{\376\377\000T\000h\000e\000\040\000C\000a\000s\000e\000\040\000o\000f\000\040\000R\0003}{section.4.5}% 163
\BOOKMARK [2][-]{subsection.4.5.2}{\376\377\000T\000h\000e\000\040\000C\000a\000s\000e\000\040\000o\000f\000\040\000T\0003}{section.4.5}% 164
\BOOKMARK [2][-]{subsection.4.5.3}{\376\377\000W\000h\000a\000t\000\040\000a\000\040\000C\000o\000u\000n\000t\000e\000r\000e\000x\000a\000m\000p\000l\000e\000\040\000W\000o\000u\000l\000d\000\040\000L\000o\000o\000k\000\040\000L\000i\000k\000e}{section.4.5}% 165
\BOOKMARK [1][-]{section.4.6}{\376\377\000L\000o\000c\000a\000l\000\040\000E\000x\000i\000s\000t\000e\000n\000c\000e\000\040\000T\000h\000e\000o\000r\000y}{chapter.4}% 166
\BOOKMARK [2][-]{subsection.4.6.1}{\376\377\000M\000i\000l\000d\000\040\000S\000o\000l\000u\000t\000i\000o\000n\000s\000\040\000a\000n\000d\000\040\000t\000h\000e\000\040\000I\000n\000t\000e\000g\000r\000a\000l\000\040\000E\000q\000u\000a\000t\000i\000o\000n}{section.4.6}% 167
\BOOKMARK [2][-]{subsection.4.6.2}{\376\377\000T\000h\000e\000\040\000P\000i\000c\000a\000r\000d\000\040\000I\000t\000e\000r\000a\000t\000i\000o\000n\000\040\000A\000p\000p\000r\000o\000a\000c\000h}{section.4.6}% 168
\BOOKMARK [2][-]{subsection.4.6.3}{\376\377\000T\000h\000e\000\040\000K\000a\000t\000o\040\023\000F\000u\000j\000i\000t\000a\000\040\000T\000h\000e\000o\000r\000e\000m}{section.4.6}% 169
\BOOKMARK [2][-]{subsection.4.6.4}{\376\377\000T\000h\000e\000\040\000M\000a\000x\000i\000m\000a\000l\000\040\000T\000i\000m\000e\000\040\000o\000f\000\040\000E\000x\000i\000s\000t\000e\000n\000c\000e\000\040\000a\000n\000d\000\040\000t\000h\000e\000\040\000B\000l\000o\000w\000u\000p\000\040\000C\000r\000i\000t\000e\000r\000i\000o\000n}{section.4.6}% 170
\BOOKMARK [1][-]{section.4.7}{\376\377\000R\000e\000g\000u\000l\000a\000r\000i\000t\000y\000\040\000C\000r\000i\000t\000e\000r\000i\000a}{chapter.4}% 171
\BOOKMARK [2][-]{subsection.4.7.1}{\376\377\000T\000h\000e\000\040\000L\000a\000d\000y\000z\000h\000e\000n\000s\000k\000a\000y\000a\040\023\000P\000r\000o\000d\000i\040\023\000S\000e\000r\000r\000i\000n\000\040\000C\000o\000n\000d\000i\000t\000i\000o\000n\000s}{section.4.7}% 172
\BOOKMARK [2][-]{subsection.4.7.2}{\376\377\000T\000h\000e\000\040\000C\000a\000f\000f\000a\000r\000e\000l\000l\000i\040\023\000K\000o\000h\000n\040\023\000N\000i\000r\000e\000n\000b\000e\000r\000g\000\040\000T\000h\000e\000o\000r\000e\000m}{section.4.7}% 173
\BOOKMARK [2][-]{subsection.4.7.3}{\376\377\000T\000h\000e\000\040\000L\0003\000\040\000C\000r\000i\000t\000e\000r\000i\000o\000n\000\040\000i\000n\000\040\000D\000e\000t\000a\000i\000l}{section.4.7}% 174
\BOOKMARK [2][-]{subsection.4.7.4}{\376\377\000B\000e\000a\000l\000e\040\023\000K\000a\000t\000o\040\023\000M\000a\000j\000d\000a\000\040\000f\000o\000r\000\040\000t\000h\000e\000\040\000E\000u\000l\000e\000r\000\040\000E\000q\000u\000a\000t\000i\000o\000n\000s}{section.4.7}% 175
\BOOKMARK [1][-]{section.4.8}{\376\377\000V\000o\000r\000t\000i\000c\000i\000t\000y\000\040\000a\000n\000d\000\040\000V\000o\000r\000t\000e\000x\000\040\000S\000t\000r\000e\000t\000c\000h\000i\000n\000g}{chapter.4}% 176
\BOOKMARK [2][-]{subsection.4.8.1}{\376\377\000D\000e\000f\000i\000n\000i\000t\000i\000o\000n\000\040\000o\000f\000\040\000V\000o\000r\000t\000i\000c\000i\000t\000y}{section.4.8}% 177
\BOOKMARK [2][-]{subsection.4.8.2}{\376\377\000T\000h\000e\000\040\000V\000o\000r\000t\000i\000c\000i\000t\000y\000\040\000E\000q\000u\000a\000t\000i\000o\000n}{section.4.8}% 178
\BOOKMARK [2][-]{subsection.4.8.3}{\376\377\000T\000h\000e\000\040\000V\000o\000r\000t\000e\000x\000\040\000S\000t\000r\000e\000t\000c\000h\000i\000n\000g\000\040\000T\000e\000r\000m}{section.4.8}% 179
\BOOKMARK [2][-]{subsection.4.8.4}{\376\377\000T\000h\000e\000\040\000B\000i\000o\000t\040\023\000S\000a\000v\000a\000r\000t\000\040\000L\000a\000w}{section.4.8}% 180
\BOOKMARK [2][-]{subsection.4.8.5}{\376\377\000W\000h\000y\000\040\000T\000h\000r\000e\000e\000\040\000D\000i\000m\000e\000n\000s\000i\000o\000n\000s\000\040\000I\000s\000\040\000D\000i\000f\000f\000e\000r\000e\000n\000t\000\040\000f\000r\000o\000m\000\040\000T\000w\000o\000\040\000D\000i\000m\000e\000n\000s\000i\000o\000n\000s}{section.4.8}% 181
\BOOKMARK [2][-]{subsection.4.8.6}{\376\377\000E\000n\000s\000t\000r\000o\000p\000h\000y}{section.4.8}% 182
\BOOKMARK [2][-]{subsection.4.8.7}{\376\377\000T\000h\000e\000\040\000B\000e\000a\000l\000e\040\023\000K\000a\000t\000o\040\023\000M\000a\000j\000d\000a\000\040\000C\000r\000i\000t\000e\000r\000i\000o\000n}{section.4.8}% 183
\BOOKMARK [1][-]{section.4.9}{\376\377\000T\000w\000o\000\040\000D\000i\000m\000e\000n\000s\000i\000o\000n\000s\000:\000\040\000T\000h\000e\000\040\000C\000o\000m\000p\000l\000e\000t\000e\000\040\000T\000h\000e\000o\000r\000y}{chapter.4}% 184
\BOOKMARK [2][-]{subsection.4.9.1}{\376\377\000W\000h\000y\000\040\000T\000w\000o\000\040\000D\000i\000m\000e\000n\000s\000i\000o\000n\000s\000\040\000I\000s\000\040\000E\000a\000s\000i\000e\000r}{section.4.9}% 185
\BOOKMARK [2][-]{subsection.4.9.2}{\376\377\000L\000a\000d\000y\000z\000h\000e\000n\000s\000k\000a\000y\000a\000'\000s\000\040\000T\000h\000e\000o\000r\000e\000m}{section.4.9}% 186
\BOOKMARK [2][-]{subsection.4.9.3}{\376\377\000C\000o\000m\000p\000a\000r\000i\000s\000o\000n\000\040\000w\000i\000t\000h\000\040\000T\000h\000r\000e\000e\000\040\000D\000i\000m\000e\000n\000s\000i\000o\000n\000s}{section.4.9}% 187
\BOOKMARK [1][-]{section.4.10}{\376\377\000P\000r\000o\000g\000r\000e\000s\000s\000\040\000a\000n\000d\000\040\000P\000a\000r\000t\000i\000a\000l\000\040\000R\000e\000s\000u\000l\000t\000s}{chapter.4}% 188
\BOOKMARK [2][-]{subsection.4.10.1}{\376\377\000T\000a\000o\000'\000s\000\040\000A\000v\000e\000r\000a\000g\000e\000d\000\040\000B\000l\000o\000w\000u\000p\000\040\000R\000e\000s\000u\000l\000t\000\040\000\050\0002\0000\0001\0006\000\051}{section.4.10}% 189
\BOOKMARK [2][-]{subsection.4.10.2}{\376\377\000N\000o\000n\000-\000U\000n\000i\000q\000u\000e\000n\000e\000s\000s\000\040\000o\000f\000\040\000W\000e\000a\000k\000\040\000S\000o\000l\000u\000t\000i\000o\000n\000s}{section.4.10}% 190
\BOOKMARK [2][-]{subsection.4.10.3}{\376\377\000N\000u\000m\000e\000r\000i\000c\000a\000l\000\040\000E\000v\000i\000d\000e\000n\000c\000e}{section.4.10}% 191
\BOOKMARK [2][-]{subsection.4.10.4}{\376\377\000T\000h\000e\000\040\000C\000u\000r\000r\000e\000n\000t\000\040\000S\000t\000a\000t\000u\000s\000\040\000o\000f\000\040\000t\000h\000e\000\040\000C\000l\000a\000y\000\040\000P\000r\000i\000z\000e}{section.4.10}% 192
\BOOKMARK [1][-]{section.4.11}{\376\377\000E\000x\000e\000r\000c\000i\000s\000e\000s}{chapter.4}% 193
\BOOKMARK [1][-]{section.4.12}{\376\377\000F\000u\000r\000t\000h\000e\000r\000\040\000R\000e\000a\000d\000i\000n\000g}{chapter.4}% 194
\BOOKMARK [0][-]{chapter.5}{\376\377\000Y\000a\000n\000g\040\023\000M\000i\000l\000l\000s\000\040\000T\000h\000e\000o\000r\000y\000\040\000a\000n\000d\000\040\000t\000h\000e\000\040\000M\000a\000s\000s\000\040\000G\000a\000p}{part.2}% 195
\BOOKMARK [1][-]{section.5.1}{\376\377\000I\000n\000t\000r\000o\000d\000u\000c\000t\000i\000o\000n}{chapter.5}% 196
\BOOKMARK [1][-]{section.5.2}{\376\377\000A\000\040\000B\000r\000i\000e\000f\000\040\000H\000i\000s\000t\000o\000r\000y\000\040\000o\000f\000\040\000G\000a\000u\000g\000e\000\040\000T\000h\000e\000o\000r\000y}{chapter.5}% 197
\BOOKMARK [2][-]{subsection.5.2.1}{\376\377\000M\000a\000x\000w\000e\000l\000l\000'\000s\000\040\000E\000q\000u\000a\000t\000i\000o\000n\000s\000\040\000a\000s\000\040\000a\000\040\000U\000\050\0001\000\051\000\040\000G\000a\000u\000g\000e\000\040\000T\000h\000e\000o\000r\000y}{section.5.2}% 198
\BOOKMARK [2][-]{subsection.5.2.2}{\376\377\000W\000e\000y\000l\000'\000s\000\040\000G\000a\000u\000g\000e\000\040\000P\000r\000i\000n\000c\000i\000p\000l\000e}{section.5.2}% 199
\BOOKMARK [2][-]{subsection.5.2.3}{\376\377\000T\000h\000e\000\040\000A\000h\000a\000r\000o\000n\000o\000v\040\023\000B\000o\000h\000m\000\040\000E\000f\000f\000e\000c\000t}{section.5.2}% 200
\BOOKMARK [2][-]{subsection.5.2.4}{\376\377\000Y\000a\000n\000g\000\040\000a\000n\000d\000\040\000M\000i\000l\000l\000s\000,\000\040\0001\0009\0005\0004}{section.5.2}% 201
\BOOKMARK [2][-]{subsection.5.2.5}{\376\377\000E\000x\000p\000e\000r\000i\000m\000e\000n\000t\000a\000l\000\040\000C\000o\000n\000f\000i\000r\000m\000a\000t\000i\000o\000n}{section.5.2}% 202
\BOOKMARK [1][-]{section.5.3}{\376\377\000C\000l\000a\000s\000s\000i\000c\000a\000l\000\040\000Y\000a\000n\000g\040\023\000M\000i\000l\000l\000s\000\040\000T\000h\000e\000o\000r\000y}{chapter.5}% 203
\BOOKMARK [2][-]{subsection.5.3.1}{\376\377\000L\000i\000e\000\040\000G\000r\000o\000u\000p\000s\000\040\000a\000n\000d\000\040\000L\000i\000e\000\040\000A\000l\000g\000e\000b\000r\000a\000s}{section.5.3}% 204
\BOOKMARK [2][-]{subsection.5.3.2}{\376\377\000C\000o\000n\000n\000e\000c\000t\000i\000o\000n\000s\000\040\000a\000n\000d\000\040\000C\000u\000r\000v\000a\000t\000u\000r\000e}{section.5.3}% 205
\BOOKMARK [2][-]{subsection.5.3.3}{\376\377\000T\000h\000e\000\040\000Y\000a\000n\000g\040\023\000M\000i\000l\000l\000s\000\040\000A\000c\000t\000i\000o\000n}{section.5.3}% 206
\BOOKMARK [2][-]{subsection.5.3.4}{\376\377\000G\000a\000u\000g\000e\000\040\000T\000r\000a\000n\000s\000f\000o\000r\000m\000a\000t\000i\000o\000n\000s}{section.5.3}% 207
\BOOKMARK [2][-]{subsection.5.3.5}{\376\377\000C\000o\000m\000p\000a\000r\000i\000s\000o\000n\000\040\000w\000i\000t\000h\000\040\000M\000a\000x\000w\000e\000l\000l\000'\000s\000\040\000T\000h\000e\000o\000r\000y}{section.5.3}% 208
\BOOKMARK [1][-]{section.5.4}{\376\377\000Q\000u\000a\000n\000t\000i\000z\000a\000t\000i\000o\000n}{chapter.5}% 209
\BOOKMARK [2][-]{subsection.5.4.1}{\376\377\000T\000h\000e\000\040\000P\000a\000t\000h\000\040\000I\000n\000t\000e\000g\000r\000a\000l\000\040\000A\000p\000p\000r\000o\000a\000c\000h}{section.5.4}% 210
\BOOKMARK [2][-]{subsection.5.4.2}{\376\377\000G\000a\000u\000g\000e\000\040\000F\000i\000x\000i\000n\000g\000\040\000a\000n\000d\000\040\000t\000h\000e\000\040\000F\000a\000d\000d\000e\000e\000v\040\023\000P\000o\000p\000o\000v\000\040\000P\000r\000o\000c\000e\000d\000u\000r\000e}{section.5.4}% 211
\BOOKMARK [2][-]{subsection.5.4.3}{\376\377\000F\000e\000y\000n\000m\000a\000n\000\040\000R\000u\000l\000e\000s}{section.5.4}% 212
\BOOKMARK [2][-]{subsection.5.4.4}{\376\377\000P\000e\000r\000t\000u\000r\000b\000a\000t\000i\000v\000e\000\040\000R\000e\000n\000o\000r\000m\000a\000l\000i\000z\000a\000t\000i\000o\000n}{section.5.4}% 213
\BOOKMARK [1][-]{section.5.5}{\376\377\000T\000h\000e\000\040\000M\000a\000s\000s\000\040\000G\000a\000p}{chapter.5}% 214
\BOOKMARK [2][-]{subsection.5.5.1}{\376\377\000W\000h\000a\000t\000\040\000I\000s\000\040\000M\000a\000s\000s\000\040\000i\000n\000\040\000Q\000u\000a\000n\000t\000u\000m\000\040\000F\000i\000e\000l\000d\000\040\000T\000h\000e\000o\000r\000y\000?}{section.5.5}% 215
\BOOKMARK [2][-]{subsection.5.5.2}{\376\377\000T\000h\000e\000\040\000K\000\344\000l\000l\000\351\000n\040\023\000L\000e\000h\000m\000a\000n\000n\000\040\000R\000e\000p\000r\000e\000s\000e\000n\000t\000a\000t\000i\000o\000n}{section.5.5}% 216
\BOOKMARK [2][-]{subsection.5.5.3}{\376\377\000C\000o\000n\000f\000i\000n\000e\000m\000e\000n\000t\000\040\000i\000n\000\040\000Q\000C\000D}{section.5.5}% 217
\BOOKMARK [2][-]{subsection.5.5.4}{\376\377\000L\000a\000t\000t\000i\000c\000e\000\040\000Q\000C\000D\000\040\000a\000n\000d\000\040\000t\000h\000e\000\040\000M\000a\000s\000s\000\040\000G\000a\000p}{section.5.5}% 218
\BOOKMARK [2][-]{subsection.5.5.5}{\376\377\000T\000h\000e\000\040\000G\000l\000u\000e\000b\000a\000l\000l\000\040\000S\000p\000e\000c\000t\000r\000u\000m}{section.5.5}% 219
\BOOKMARK [2][-]{subsection.5.5.6}{\376\377\000E\000x\000p\000e\000r\000i\000m\000e\000n\000t\000a\000l\000\040\000E\000v\000i\000d\000e\000n\000c\000e}{section.5.5}% 220
\BOOKMARK [1][-]{section.5.6}{\376\377\000M\000a\000t\000h\000e\000m\000a\000t\000i\000c\000a\000l\000\040\000F\000o\000r\000m\000u\000l\000a\000t\000i\000o\000n}{chapter.5}% 221
\BOOKMARK [2][-]{subsection.5.6.1}{\376\377\000T\000h\000e\000\040\000W\000i\000g\000h\000t\000m\000a\000n\000\040\000A\000x\000i\000o\000m\000s}{section.5.6}% 222
\BOOKMARK [2][-]{subsection.5.6.2}{\376\377\000T\000h\000e\000\040\000O\000s\000t\000e\000r\000w\000a\000l\000d\000e\000r\040\023\000S\000c\000h\000r\000a\000d\000e\000r\000\040\000A\000x\000i\000o\000m\000s}{section.5.6}% 223
\BOOKMARK [2][-]{subsection.5.6.3}{\376\377\000G\000a\000u\000g\000e\000\040\000I\000n\000v\000a\000r\000i\000a\000n\000c\000e\000\040\000C\000o\000m\000p\000l\000i\000c\000a\000t\000i\000o\000n\000s}{section.5.6}% 224
\BOOKMARK [2][-]{subsection.5.6.4}{\376\377\000T\000h\000e\000\040\000C\000l\000a\000y\000\040\000P\000r\000o\000b\000l\000e\000m\000\040\000S\000t\000a\000t\000e\000m\000e\000n\000t}{section.5.6}% 225
\BOOKMARK [2][-]{subsection.5.6.5}{\376\377\000W\000h\000a\000t\000\040\000a\000\040\000R\000i\000g\000o\000r\000o\000u\000s\000\040\000C\000o\000n\000s\000t\000r\000u\000c\000t\000i\000o\000n\000\040\000W\000o\000u\000l\000d\000\040\000R\000e\000q\000u\000i\000r\000e}{section.5.6}% 226
\BOOKMARK [1][-]{section.5.7}{\376\377\000W\000h\000a\000t\000\040\000H\000a\000s\000\040\000B\000e\000e\000n\000\040\000A\000c\000h\000i\000e\000v\000e\000d}{chapter.5}% 227
\BOOKMARK [2][-]{subsection.5.7.1}{\376\377\000T\000w\000o\000-\000D\000i\000m\000e\000n\000s\000i\000o\000n\000a\000l\000\040\000Y\000a\000n\000g\040\023\000M\000i\000l\000l\000s\000\040\000T\000h\000e\000o\000r\000y}{section.5.7}% 228
\BOOKMARK [2][-]{subsection.5.7.2}{\376\377\000T\000h\000r\000e\000e\000-\000D\000i\000m\000e\000n\000s\000i\000o\000n\000a\000l\000\040\000Y\000a\000n\000g\040\023\000M\000i\000l\000l\000s\000\040\000T\000h\000e\000o\000r\000y}{section.5.7}% 229
\BOOKMARK [2][-]{subsection.5.7.3}{\376\377\000L\000a\000t\000t\000i\000c\000e\000\040\000G\000a\000u\000g\000e\000\040\000T\000h\000e\000o\000r\000y}{section.5.7}% 230
\BOOKMARK [2][-]{subsection.5.7.4}{\376\377\000S\000u\000p\000e\000r\000s\000y\000m\000m\000e\000t\000r\000i\000c\000\040\000Y\000a\000n\000g\040\023\000M\000i\000l\000l\000s\000\040\000T\000h\000e\000o\000r\000y}{section.5.7}% 231
\BOOKMARK [1][-]{section.5.8}{\376\377\000T\000h\000e\000\040\000Y\000a\000n\000g\040\023\000M\000i\000l\000l\000s\000\040\000M\000i\000l\000l\000e\000n\000n\000i\000u\000m\000\040\000P\000r\000o\000b\000l\000e\000m\000\040\000i\000n\000\040\000C\000o\000n\000t\000e\000x\000t}{chapter.5}% 232
\BOOKMARK [2][-]{subsection.5.8.1}{\376\377\000W\000h\000y\000\040\000I\000t\000\040\000I\000s\000\040\000t\000h\000e\000\040\000H\000a\000r\000d\000e\000s\000t\000\040\000P\000r\000o\000b\000l\000e\000m}{section.5.8}% 233
\BOOKMARK [2][-]{subsection.5.8.2}{\376\377\000C\000o\000n\000n\000e\000c\000t\000i\000o\000n\000s\000\040\000t\000o\000\040\000O\000t\000h\000e\000r\000\040\000M\000i\000l\000l\000e\000n\000n\000i\000u\000m\000\040\000P\000r\000o\000b\000l\000e\000m\000s}{section.5.8}% 234
\BOOKMARK [2][-]{subsection.5.8.3}{\376\377\000W\000h\000a\000t\000\040\000P\000r\000o\000g\000r\000e\000s\000s\000\040\000W\000o\000u\000l\000d\000\040\000M\000e\000a\000n}{section.5.8}% 235
\BOOKMARK [1][-]{section.5.9}{\376\377\000E\000x\000e\000r\000c\000i\000s\000e\000s}{chapter.5}% 236
\BOOKMARK [1][-]{section.5.10}{\376\377\000F\000u\000r\000t\000h\000e\000r\000\040\000R\000e\000a\000d\000i\000n\000g}{chapter.5}% 237
\BOOKMARK [0][-]{chapter.6}{\376\377\000T\000h\000e\000\040\000H\000o\000d\000g\000e\000\040\000C\000o\000n\000j\000e\000c\000t\000u\000r\000e}{part.2}% 238
\BOOKMARK [1][-]{section.6.1}{\376\377\000I\000n\000t\000r\000o\000d\000u\000c\000t\000i\000o\000n}{chapter.6}% 239
\BOOKMARK [1][-]{section.6.2}{\376\377\000C\000o\000m\000p\000l\000e\000x\000\040\000M\000a\000n\000i\000f\000o\000l\000d\000s\000\040\000a\000n\000d\000\040\000P\000r\000o\000j\000e\000c\000t\000i\000v\000e\000\040\000S\000p\000a\000c\000e}{chapter.6}% 240
\BOOKMARK [2][-]{subsection.6.2.1}{\376\377\000C\000o\000m\000p\000l\000e\000x\000\040\000P\000r\000o\000j\000e\000c\000t\000i\000v\000e\000\040\000S\000p\000a\000c\000e}{section.6.2}% 241
\BOOKMARK [2][-]{subsection.6.2.2}{\376\377\000H\000o\000l\000o\000m\000o\000r\000p\000h\000i\000c\000\040\000F\000u\000n\000c\000t\000i\000o\000n\000s\000\040\000a\000n\000d\000\040\000C\000o\000m\000p\000l\000e\000x\000\040\000M\000a\000n\000i\000f\000o\000l\000d\000s}{section.6.2}% 242
\BOOKMARK [2][-]{subsection.6.2.3}{\376\377\000K\000\344\000h\000l\000e\000r\000\040\000M\000e\000t\000r\000i\000c\000s}{section.6.2}% 243
\BOOKMARK [2][-]{subsection.6.2.4}{\376\377\000E\000x\000a\000m\000p\000l\000e\000s\000\040\000o\000f\000\040\000C\000o\000m\000p\000l\000e\000x\000\040\000M\000a\000n\000i\000f\000o\000l\000d\000s}{section.6.2}% 244
\BOOKMARK [1][-]{section.6.3}{\376\377\000A\000l\000g\000e\000b\000r\000a\000i\000c\000\040\000V\000a\000r\000i\000e\000t\000i\000e\000s}{chapter.6}% 245
\BOOKMARK [2][-]{subsection.6.3.1}{\376\377\000P\000r\000o\000j\000e\000c\000t\000i\000v\000e\000\040\000A\000l\000g\000e\000b\000r\000a\000i\000c\000\040\000V\000a\000r\000i\000e\000t\000i\000e\000s}{section.6.3}% 246
\BOOKMARK [2][-]{subsection.6.3.2}{\376\377\000S\000m\000o\000o\000t\000h\000n\000e\000s\000s\000\040\000a\000n\000d\000\040\000t\000h\000e\000\040\000J\000a\000c\000o\000b\000i\000a\000n\000\040\000C\000r\000i\000t\000e\000r\000i\000o\000n}{section.6.3}% 247
\BOOKMARK [2][-]{subsection.6.3.3}{\376\377\000E\000x\000a\000m\000p\000l\000e\000s\000\040\000o\000f\000\040\000A\000l\000g\000e\000b\000r\000a\000i\000c\000\040\000V\000a\000r\000i\000e\000t\000i\000e\000s}{section.6.3}% 248
\BOOKMARK [1][-]{section.6.4}{\376\377\000D\000e\000\040\000R\000h\000a\000m\000\040\000C\000o\000h\000o\000m\000o\000l\000o\000g\000y}{chapter.6}% 249
\BOOKMARK [2][-]{subsection.6.4.1}{\376\377\000D\000i\000f\000f\000e\000r\000e\000n\000t\000i\000a\000l\000\040\000F\000o\000r\000m\000s}{section.6.4}% 250
\BOOKMARK [2][-]{subsection.6.4.2}{\376\377\000C\000l\000o\000s\000e\000d\000\040\000a\000n\000d\000\040\000E\000x\000a\000c\000t\000\040\000F\000o\000r\000m\000s}{section.6.4}% 251
\BOOKMARK [2][-]{subsection.6.4.3}{\376\377\000T\000h\000e\000\040\000M\000a\000y\000e\000r\040\023\000V\000i\000e\000t\000o\000r\000i\000s\000\040\000S\000e\000q\000u\000e\000n\000c\000e}{section.6.4}% 252
\BOOKMARK [2][-]{subsection.6.4.4}{\376\377\000P\000o\000i\000n\000c\000a\000r\000\351\000\040\000D\000u\000a\000l\000i\000t\000y}{section.6.4}% 253
\BOOKMARK [1][-]{section.6.5}{\376\377\000H\000o\000d\000g\000e\000\040\000T\000h\000e\000o\000r\000y}{chapter.6}% 254
\BOOKMARK [2][-]{subsection.6.5.1}{\376\377\000D\000i\000f\000f\000e\000r\000e\000n\000t\000i\000a\000l\000\040\000F\000o\000r\000m\000s\000\040\000o\000n\000\040\000C\000o\000m\000p\000l\000e\000x\000\040\000M\000a\000n\000i\000f\000o\000l\000d\000s}{section.6.5}% 255
\BOOKMARK [2][-]{subsection.6.5.2}{\376\377\000T\000h\000e\000\040\000L\000a\000p\000l\000a\000c\000e\040\023\000B\000e\000l\000t\000r\000a\000m\000i\000\040\000O\000p\000e\000r\000a\000t\000o\000r\000\040\000a\000n\000d\000\040\000H\000a\000r\000m\000o\000n\000i\000c\000\040\000F\000o\000r\000m\000s}{section.6.5}% 256
\BOOKMARK [2][-]{subsection.6.5.3}{\376\377\000T\000h\000e\000\040\000H\000o\000d\000g\000e\000\040\000D\000e\000c\000o\000m\000p\000o\000s\000i\000t\000i\000o\000n}{section.6.5}% 257
\BOOKMARK [1][-]{section.6.6}{\376\377\000A\000l\000g\000e\000b\000r\000a\000i\000c\000\040\000C\000y\000c\000l\000e\000s\000\040\000a\000n\000d\000\040\000T\000h\000e\000i\000r\000\040\000C\000o\000h\000o\000m\000o\000l\000o\000g\000y\000\040\000C\000l\000a\000s\000s\000e\000s}{chapter.6}% 258
\BOOKMARK [2][-]{subsection.6.6.1}{\376\377\000A\000l\000g\000e\000b\000r\000a\000i\000c\000\040\000C\000y\000c\000l\000e\000s}{section.6.6}% 259
\BOOKMARK [2][-]{subsection.6.6.2}{\376\377\000T\000h\000e\000\040\000C\000y\000c\000l\000e\000\040\000C\000l\000a\000s\000s\000\040\000M\000a\000p}{section.6.6}% 260
\BOOKMARK [2][-]{subsection.6.6.3}{\376\377\000I\000n\000t\000e\000r\000s\000e\000c\000t\000i\000o\000n\000\040\000T\000h\000e\000o\000r\000y}{section.6.6}% 261
\BOOKMARK [2][-]{subsection.6.6.4}{\376\377\000C\000h\000e\000r\000n\000\040\000C\000l\000a\000s\000s\000e\000s\000\040\000a\000n\000d\000\040\000D\000i\000v\000i\000s\000o\000r\000s}{section.6.6}% 262
\BOOKMARK [1][-]{section.6.7}{\376\377\000S\000t\000a\000t\000e\000m\000e\000n\000t\000\040\000o\000f\000\040\000t\000h\000e\000\040\000H\000o\000d\000g\000e\000\040\000C\000o\000n\000j\000e\000c\000t\000u\000r\000e}{chapter.6}% 263
\BOOKMARK [2][-]{subsection.6.7.1}{\376\377\000H\000o\000d\000g\000e\000\040\000C\000l\000a\000s\000s\000e\000s}{section.6.7}% 264
\BOOKMARK [2][-]{subsection.6.7.2}{\376\377\000T\000h\000e\000\040\000C\000o\000n\000j\000e\000c\000t\000u\000r\000e}{section.6.7}% 265
\BOOKMARK [2][-]{subsection.6.7.3}{\376\377\000T\000h\000e\000\040\000L\000e\000f\000s\000c\000h\000e\000t\000z\000\040\000\050\0001\000,\0001\000\051\000\040\000T\000h\000e\000o\000r\000e\000m}{section.6.7}% 266
\BOOKMARK [2][-]{subsection.6.7.4}{\376\377\000W\000h\000y\000\040\000p\000\040\000=\000\040\0001\000\040\000I\000s\000\040\000S\000o\000l\000v\000e\000d\000\040\000a\000n\000d\000\040\000H\000i\000g\000h\000e\000r\000\040\000p\000\040\000I\000s\000\040\000N\000o\000t}{section.6.7}% 267
\BOOKMARK [2][-]{subsection.6.7.5}{\376\377\000S\000t\000a\000t\000u\000s\000\040\000f\000o\000r\000\040\000G\000e\000n\000e\000r\000a\000l\000\040\000p}{section.6.7}% 268
\BOOKMARK [1][-]{section.6.8}{\376\377\000W\000h\000a\000t\000\040\000I\000s\000\040\000K\000n\000o\000w\000n}{chapter.6}% 269
\BOOKMARK [2][-]{subsection.6.8.1}{\376\377\000T\000h\000e\000\040\000L\000e\000f\000s\000c\000h\000e\000t\000z\000\040\000\050\0001\000,\0001\000\051\000\040\000T\000h\000e\000o\000r\000e\000m}{section.6.8}% 270
\BOOKMARK [2][-]{subsection.6.8.2}{\376\377\000C\000u\000r\000v\000e\000s\000\040\000a\000n\000d\000\040\000S\000u\000r\000f\000a\000c\000e\000s}{section.6.8}% 271
\BOOKMARK [2][-]{subsection.6.8.3}{\376\377\000A\000b\000e\000l\000i\000a\000n\000\040\000V\000a\000r\000i\000e\000t\000i\000e\000s}{section.6.8}% 272
\BOOKMARK [2][-]{subsection.6.8.4}{\376\377\000K\0003\000\040\000S\000u\000r\000f\000a\000c\000e\000s}{section.6.8}% 273
\BOOKMARK [2][-]{subsection.6.8.5}{\376\377\000T\000h\000e\000\040\000I\000n\000t\000e\000g\000r\000a\000l\000\040\000H\000o\000d\000g\000e\000\040\000C\000o\000n\000j\000e\000c\000t\000u\000r\000e}{section.6.8}% 274
\BOOKMARK [2][-]{subsection.6.8.6}{\376\377\000F\000u\000r\000t\000h\000e\000r\000\040\000P\000a\000r\000t\000i\000a\000l\000\040\000R\000e\000s\000u\000l\000t\000s}{section.6.8}% 275
\BOOKMARK [2][-]{subsection.6.8.7}{\376\377\000T\000h\000e\000\040\000R\000e\000l\000a\000t\000i\000o\000n\000s\000h\000i\000p\000\040\000t\000o\000\040\000O\000t\000h\000e\000r\000\040\000M\000i\000l\000l\000e\000n\000n\000i\000u\000m\000\040\000P\000r\000o\000b\000l\000e\000m\000s}{section.6.8}% 276
\BOOKMARK [1][-]{section.6.9}{\376\377\000E\000x\000e\000r\000c\000i\000s\000e\000s}{chapter.6}% 277
\BOOKMARK [1][-]{section.6.10}{\376\377\000F\000u\000r\000t\000h\000e\000r\000\040\000R\000e\000a\000d\000i\000n\000g}{chapter.6}% 278
\BOOKMARK [0][-]{chapter.7}{\376\377\000T\000h\000e\000\040\000B\000i\000r\000c\000h\000\040\000a\000n\000d\000\040\000S\000w\000i\000n\000n\000e\000r\000t\000o\000n\000-\000D\000y\000e\000r\000\040\000C\000o\000n\000j\000e\000c\000t\000u\000r\000e}{part.2}% 279
\BOOKMARK [1][-]{section.7.1}{\376\377\000I\000n\000t\000r\000o\000d\000u\000c\000t\000i\000o\000n}{chapter.7}% 280
\BOOKMARK [1][-]{section.7.2}{\376\377\000E\000l\000l\000i\000p\000t\000i\000c\000\040\000C\000u\000r\000v\000e\000s\000:\000\040\000D\000e\000f\000i\000n\000i\000t\000i\000o\000n\000s\000\040\000a\000n\000d\000\040\000E\000x\000a\000m\000p\000l\000e\000s}{chapter.7}% 281
\BOOKMARK [2][-]{subsection.7.2.1}{\376\377\000W\000e\000i\000e\000r\000s\000t\000r\000a\000s\000s\000\040\000E\000q\000u\000a\000t\000i\000o\000n\000s}{section.7.2}% 282
\BOOKMARK [2][-]{subsection.7.2.2}{\376\377\000T\000h\000e\000\040\000G\000e\000n\000e\000r\000a\000l\000\040\000W\000e\000i\000e\000r\000s\000t\000r\000a\000s\000s\000\040\000E\000q\000u\000a\000t\000i\000o\000n}{section.7.2}% 283
\BOOKMARK [2][-]{subsection.7.2.3}{\376\377\000S\000m\000o\000o\000t\000h\000n\000e\000s\000s\000\040\000a\000n\000d\000\040\000t\000h\000e\000\040\000P\000o\000i\000n\000t\000\040\000a\000t\000\040\000I\000n\000f\000i\000n\000i\000t\000y}{section.7.2}% 284
\BOOKMARK [2][-]{subsection.7.2.4}{\376\377\000R\000e\000a\000l\000\040\000P\000o\000i\000n\000t\000s\000\040\000a\000n\000d\000\040\000V\000i\000s\000u\000a\000l\000i\000z\000a\000t\000i\000o\000n}{section.7.2}% 285
\BOOKMARK [2][-]{subsection.7.2.5}{\376\377\000E\000x\000a\000m\000p\000l\000e\000s\000\040\000o\000v\000e\000r\000\040\000F\000i\000n\000i\000t\000e\000\040\000F\000i\000e\000l\000d\000s}{section.7.2}% 286
\BOOKMARK [1][-]{section.7.3}{\376\377\000T\000h\000e\000\040\000G\000r\000o\000u\000p\000\040\000L\000a\000w}{chapter.7}% 287
\BOOKMARK [2][-]{subsection.7.3.1}{\376\377\000T\000h\000e\000\040\000C\000h\000o\000r\000d\000-\000T\000a\000n\000g\000e\000n\000t\000\040\000C\000o\000n\000s\000t\000r\000u\000c\000t\000i\000o\000n}{section.7.3}% 288
\BOOKMARK [2][-]{subsection.7.3.2}{\376\377\000A\000l\000g\000e\000b\000r\000a\000i\000c\000\040\000F\000o\000r\000m\000u\000l\000a\000s\000\040\000f\000o\000r\000\040\000A\000d\000d\000i\000t\000i\000o\000n}{section.7.3}% 289
\BOOKMARK [2][-]{subsection.7.3.3}{\376\377\000A\000s\000s\000o\000c\000i\000a\000t\000i\000v\000i\000t\000y\000\040\000v\000i\000a\000\040\000D\000i\000v\000i\000s\000o\000r\000s}{section.7.3}% 290
\BOOKMARK [2][-]{subsection.7.3.4}{\376\377\000T\000o\000r\000s\000i\000o\000n\000\040\000P\000o\000i\000n\000t\000s}{section.7.3}% 291
\BOOKMARK [1][-]{section.7.4}{\376\377\000T\000h\000e\000\040\000M\000o\000r\000d\000e\000l\000l\040\023\000W\000e\000i\000l\000\040\000T\000h\000e\000o\000r\000e\000m}{chapter.7}% 292
\BOOKMARK [2][-]{subsection.7.4.1}{\376\377\000S\000t\000a\000t\000e\000m\000e\000n\000t\000\040\000o\000f\000\040\000t\000h\000e\000\040\000T\000h\000e\000o\000r\000e\000m}{section.7.4}% 293
\BOOKMARK [2][-]{subsection.7.4.2}{\376\377\000T\000h\000e\000\040\000H\000e\000i\000g\000h\000t\000\040\000F\000u\000n\000c\000t\000i\000o\000n}{section.7.4}% 294
\BOOKMARK [2][-]{subsection.7.4.3}{\376\377\000D\000e\000s\000c\000e\000n\000t\000\040\000a\000n\000d\000\040\000t\000h\000e\000\040\000W\000e\000a\000k\000\040\000M\000o\000r\000d\000e\000l\000l\040\023\000W\000e\000i\000l\000\040\000T\000h\000e\000o\000r\000e\000m}{section.7.4}% 295
\BOOKMARK [2][-]{subsection.7.4.4}{\376\377\000C\000o\000m\000p\000u\000t\000i\000n\000g\000\040\000t\000h\000e\000\040\000R\000a\000n\000k}{section.7.4}% 296
\BOOKMARK [1][-]{section.7.5}{\376\377\000R\000e\000d\000u\000c\000t\000i\000o\000n\000\040\000M\000o\000d\000u\000l\000o\000\040\000p}{chapter.7}% 297
\BOOKMARK [2][-]{subsection.7.5.1}{\376\377\000G\000o\000o\000d\000\040\000a\000n\000d\000\040\000B\000a\000d\000\040\000R\000e\000d\000u\000c\000t\000i\000o\000n}{section.7.5}% 298
\BOOKMARK [2][-]{subsection.7.5.2}{\376\377\000C\000o\000u\000n\000t\000i\000n\000g\000\040\000P\000o\000i\000n\000t\000s\000\040\000M\000o\000d\000u\000l\000o\000\040\000p}{section.7.5}% 299
\BOOKMARK [2][-]{subsection.7.5.3}{\376\377\000H\000a\000s\000s\000e\000'\000s\000\040\000T\000h\000e\000o\000r\000e\000m}{section.7.5}% 300
\BOOKMARK [1][-]{section.7.6}{\376\377\000T\000h\000e\000\040\000L\000-\000F\000u\000n\000c\000t\000i\000o\000n\000\040\000o\000f\000\040\000a\000n\000\040\000E\000l\000l\000i\000p\000t\000i\000c\000\040\000C\000u\000r\000v\000e}{chapter.7}% 301
\BOOKMARK [2][-]{subsection.7.6.1}{\376\377\000D\000e\000f\000i\000n\000i\000t\000i\000o\000n\000\040\000v\000i\000a\000\040\000E\000u\000l\000e\000r\000\040\000P\000r\000o\000d\000u\000c\000t}{section.7.6}% 302
\BOOKMARK [2][-]{subsection.7.6.2}{\376\377\000C\000o\000n\000v\000e\000r\000g\000e\000n\000c\000e\000\040\000a\000n\000d\000\040\000A\000n\000a\000l\000y\000t\000i\000c\000\040\000P\000r\000o\000p\000e\000r\000t\000i\000e\000s}{section.7.6}% 303
\BOOKMARK [2][-]{subsection.7.6.3}{\376\377\000T\000h\000e\000\040\000M\000o\000d\000u\000l\000a\000r\000i\000t\000y\000\040\000T\000h\000e\000o\000r\000e\000m}{section.7.6}% 304
\BOOKMARK [2][-]{subsection.7.6.4}{\376\377\000T\000h\000e\000\040\000F\000u\000n\000c\000t\000i\000o\000n\000a\000l\000\040\000E\000q\000u\000a\000t\000i\000o\000n}{section.7.6}% 305
\BOOKMARK [1][-]{section.7.7}{\376\377\000T\000h\000e\000\040\000B\000S\000D\000\040\000C\000o\000n\000j\000e\000c\000t\000u\000r\000e}{chapter.7}% 306
\BOOKMARK [2][-]{subsection.7.7.1}{\376\377\000T\000h\000e\000\040\000W\000e\000a\000k\000\040\000B\000S\000D\000\040\000C\000o\000n\000j\000e\000c\000t\000u\000r\000e}{section.7.7}% 307
\BOOKMARK [2][-]{subsection.7.7.2}{\376\377\000T\000h\000e\000\040\000F\000u\000l\000l\000\040\000B\000S\000D\000\040\000C\000o\000n\000j\000e\000c\000t\000u\000r\000e}{section.7.7}% 308
\BOOKMARK [2][-]{subsection.7.7.3}{\376\377\000T\000h\000e\000\040\000P\000e\000r\000i\000o\000d\000\040\000E}{section.7.7}% 309
\BOOKMARK [2][-]{subsection.7.7.4}{\376\377\000T\000h\000e\000\040\000R\000e\000g\000u\000l\000a\000t\000o\000r\000\040\000R\000e\000g\000\050\000E\000\051}{section.7.7}% 310
\BOOKMARK [2][-]{subsection.7.7.5}{\376\377\000T\000a\000m\000a\000g\000a\000w\000a\000\040\000N\000u\000m\000b\000e\000r\000s\000\040\000c\000p}{section.7.7}% 311
\BOOKMARK [2][-]{subsection.7.7.6}{\376\377\000T\000h\000e\000\040\000T\000a\000t\000e\040\023\000S\000h\000a\000f\000a\000r\000e\000v\000i\000c\000h\000\040\000G\000r\000o\000u\000p\000\040}{section.7.7}% 312
\BOOKMARK [2][-]{subsection.7.7.7}{\376\377\000T\000h\000e\000\040\000T\000o\000r\000s\000i\000o\000n\000\040\000S\000u\000b\000g\000r\000o\000u\000p}{section.7.7}% 313
\BOOKMARK [2][-]{subsection.7.7.8}{\376\377\000T\000h\000e\000\040\000O\000r\000i\000g\000i\000n\000a\000l\000\040\000B\000i\000r\000c\000h\040\023\000S\000w\000i\000n\000n\000e\000r\000t\000o\000n\000-\000D\000y\000e\000r\000\040\000E\000x\000p\000e\000r\000i\000m\000e\000n\000t\000s}{section.7.7}% 314
\BOOKMARK [1][-]{section.7.8}{\376\377\000E\000v\000i\000d\000e\000n\000c\000e\000\040\000a\000n\000d\000\040\000P\000a\000r\000t\000i\000a\000l\000\040\000R\000e\000s\000u\000l\000t\000s}{chapter.7}% 315
\BOOKMARK [2][-]{subsection.7.8.1}{\376\377\000T\000h\000e\000\040\000C\000o\000a\000t\000e\000s\040\023\000W\000i\000l\000e\000s\000\040\000T\000h\000e\000o\000r\000e\000m}{section.7.8}% 316
\BOOKMARK [2][-]{subsection.7.8.2}{\376\377\000T\000h\000e\000\040\000G\000r\000o\000s\000s\040\023\000Z\000a\000g\000i\000e\000r\000\040\000T\000h\000e\000o\000r\000e\000m}{section.7.8}% 317
\BOOKMARK [2][-]{subsection.7.8.3}{\376\377\000K\000o\000l\000y\000v\000a\000g\000i\000n\000'\000s\000\040\000E\000u\000l\000e\000r\000\040\000S\000y\000s\000t\000e\000m\000s}{section.7.8}% 318
\BOOKMARK [2][-]{subsection.7.8.4}{\376\377\000T\000h\000e\000\040\000P\000a\000r\000i\000t\000y\000\040\000C\000o\000n\000j\000e\000c\000t\000u\000r\000e}{section.7.8}% 319
\BOOKMARK [2][-]{subsection.7.8.5}{\376\377\000A\000v\000e\000r\000a\000g\000e\000\040\000R\000e\000s\000u\000l\000t\000s\000:\000\040\000B\000h\000a\000r\000g\000a\000v\000a\040\023\000S\000h\000a\000n\000k\000a\000r}{section.7.8}% 320
\BOOKMARK [2][-]{subsection.7.8.6}{\376\377\000N\000u\000m\000e\000r\000i\000c\000a\000l\000\040\000V\000e\000r\000i\000f\000i\000c\000a\000t\000i\000o\000n}{section.7.8}% 321
\BOOKMARK [2][-]{subsection.7.8.7}{\376\377\000C\000o\000m\000p\000u\000t\000a\000t\000i\000o\000n\000a\000l\000\040\000C\000h\000a\000l\000l\000e\000n\000g\000e\000s\000\040\000f\000o\000r\000\040\000H\000i\000g\000h\000e\000r\000\040\000R\000a\000n\000k}{section.7.8}% 322
\BOOKMARK [2][-]{subsection.7.8.8}{\376\377\000O\000t\000h\000e\000r\000\040\000S\000u\000p\000p\000o\000r\000t\000i\000n\000g\000\040\000R\000e\000s\000u\000l\000t\000s}{section.7.8}% 323
\BOOKMARK [1][-]{section.7.9}{\376\377\000E\000x\000e\000r\000c\000i\000s\000e\000s}{chapter.7}% 324
\BOOKMARK [1][-]{section.7.10}{\376\377\000F\000u\000r\000t\000h\000e\000r\000\040\000R\000e\000a\000d\000i\000n\000g}{chapter.7}% 325
\BOOKMARK [0][-]{appendix.A}{\376\377\000M\000a\000t\000h\000e\000m\000a\000t\000i\000c\000a\000l\000\040\000P\000r\000e\000l\000i\000m\000i\000n\000a\000r\000i\000e\000s}{part.2}% 326
\BOOKMARK [1][-]{section.A.1}{\376\377\000B\000a\000s\000i\000c\000\040\000S\000e\000t\000\040\000T\000h\000e\000o\000r\000y\000\040\000a\000n\000d\000\040\000N\000o\000t\000a\000t\000i\000o\000n}{appendix.A}% 327
\BOOKMARK [1][-]{section.A.2}{\376\377\000L\000i\000n\000e\000a\000r\000\040\000A\000l\000g\000e\000b\000r\000a}{appendix.A}% 328
\BOOKMARK [1][-]{section.A.3}{\376\377\000A\000b\000s\000t\000r\000a\000c\000t\000\040\000A\000l\000g\000e\000b\000r\000a}{appendix.A}% 329
\BOOKMARK [1][-]{section.A.4}{\376\377\000T\000o\000p\000o\000l\000o\000g\000y}{appendix.A}% 330
\BOOKMARK [1][-]{section.A.5}{\376\377\000A\000n\000a\000l\000y\000s\000i\000s}{appendix.A}% 331
\BOOKMARK [1][-]{section.A.6}{\376\377\000C\000o\000m\000p\000l\000e\000x\000\040\000A\000n\000a\000l\000y\000s\000i\000s}{appendix.A}% 332
\BOOKMARK [1][-]{section.A.7}{\376\377\000A\000l\000g\000e\000b\000r\000a\000i\000c\000\040\000G\000e\000o\000m\000e\000t\000r\000y}{appendix.A}% 333
\BOOKMARK [0][-]{appendix.B}{\376\377\000N\000o\000t\000a\000t\000i\000o\000n\000\040\000I\000n\000d\000e\000x}{part.2}% 334
\BOOKMARK [1][-]{section.B.1}{\376\377\000G\000e\000n\000e\000r\000a\000l\000\040\000N\000o\000t\000a\000t\000i\000o\000n}{appendix.B}% 335
\BOOKMARK [1][-]{section.B.2}{\376\377\000T\000o\000p\000o\000l\000o\000g\000y\000\040\000a\000n\000d\000\040\000G\000e\000o\000m\000e\000t\000r\000y}{appendix.B}% 336
\BOOKMARK [1][-]{section.B.3}{\376\377\000C\000o\000m\000p\000l\000e\000x\000\040\000A\000n\000a\000l\000y\000s\000i\000s}{appendix.B}% 337
\BOOKMARK [1][-]{section.B.4}{\376\377\000N\000u\000m\000b\000e\000r\000\040\000T\000h\000e\000o\000r\000y}{appendix.B}% 338
\BOOKMARK [1][-]{section.B.5}{\376\377\000A\000l\000g\000e\000b\000r\000a}{appendix.B}% 339
\BOOKMARK [1][-]{section.B.6}{\376\377\000G\000a\000u\000g\000e\000\040\000T\000h\000e\000o\000r\000y\000\040\000a\000n\000d\000\040\000P\000h\000y\000s\000i\000c\000s}{appendix.B}% 340
\BOOKMARK [1][-]{section.B.7}{\376\377\000C\000o\000m\000p\000u\000t\000a\000t\000i\000o\000n\000a\000l\000\040\000C\000o\000m\000p\000l\000e\000x\000i\000t\000y}{appendix.B}% 341
\BOOKMARK [1][-]{section.B.8}{\376\377\000E\000l\000l\000i\000p\000t\000i\000c\000\040\000C\000u\000r\000v\000e\000s\000:\000\040\000D\000e\000t\000a\000i\000l\000e\000d\000\040\000N\000o\000t\000a\000t\000i\000o\000n}{appendix.B}% 342
\BOOKMARK [0][-]{appendix.C}{\376\377\000B\000i\000o\000g\000r\000a\000p\000h\000i\000c\000a\000l\000\040\000S\000k\000e\000t\000c\000h\000e\000s}{part.2}% 343
\BOOKMARK [0][-]{appendix.D}{\376\377\000G\000l\000o\000s\000s\000a\000r\000y\000\040\000o\000f\000\040\000T\000e\000r\000m\000s}{part.2}% 344
\BOOKMARK [0][-]{appendix.E}{\376\377\000E\000x\000e\000r\000c\000i\000s\000e\000s\000\040\000a\000n\000d\000\040\000P\000r\000o\000b\000l\000e\000m\000s}{part.2}% 345
\BOOKMARK [1][-]{section.E.1}{\376\377\000R\000e\000v\000i\000e\000w\000\040\000E\000x\000e\000r\000c\000i\000s\000e\000s\000\040\000b\000y\000\040\000C\000h\000a\000p\000t\000e\000r}{appendix.E}% 346
\BOOKMARK [2][-]{subsection.E.1.1}{\376\377\000C\000h\000a\000p\000t\000e\000r\000\040\0001\000:\000\040\000T\000h\000e\000\040\000P\000o\000i\000n\000c\000a\000r\000\351\000\040\000C\000o\000n\000j\000e\000c\000t\000u\000r\000e}{section.E.1}% 347
\BOOKMARK [2][-]{subsection.E.1.2}{\376\377\000C\000h\000a\000p\000t\000e\000r\000\040\0002\000:\000\040\000T\000h\000e\000\040\000R\000i\000e\000m\000a\000n\000n\000\040\000H\000y\000p\000o\000t\000h\000e\000s\000i\000s}{section.E.1}% 348
\BOOKMARK [2][-]{subsection.E.1.3}{\376\377\000C\000h\000a\000p\000t\000e\000r\000\040\0003\000:\000\040\000P\000\040\000v\000s\000\040\000N\000P}{section.E.1}% 349
\BOOKMARK [2][-]{subsection.E.1.4}{\376\377\000C\000h\000a\000p\000t\000e\000r\000\040\0004\000:\000\040\000N\000a\000v\000i\000e\000r\040\023\000S\000t\000o\000k\000e\000s\000\040\000E\000q\000u\000a\000t\000i\000o\000n\000s}{section.E.1}% 350
\BOOKMARK [2][-]{subsection.E.1.5}{\376\377\000C\000h\000a\000p\000t\000e\000r\000\040\0005\000:\000\040\000Y\000a\000n\000g\040\023\000M\000i\000l\000l\000s\000\040\000T\000h\000e\000o\000r\000y}{section.E.1}% 351
\BOOKMARK [2][-]{subsection.E.1.6}{\376\377\000C\000h\000a\000p\000t\000e\000r\000\040\0006\000:\000\040\000T\000h\000e\000\040\000H\000o\000d\000g\000e\000\040\000C\000o\000n\000j\000e\000c\000t\000u\000r\000e}{section.E.1}% 352
\BOOKMARK [2][-]{subsection.E.1.7}{\376\377\000C\000h\000a\000p\000t\000e\000r\000\040\0007\000:\000\040\000B\000i\000r\000c\000h\000\040\000a\000n\000d\000\040\000S\000w\000i\000n\000n\000e\000r\000t\000o\000n\000-\000D\000y\000e\000r\000\040\000C\000o\000n\000j\000e\000c\000t\000u\000r\000e}{section.E.1}% 353
\BOOKMARK [1][-]{section.E.2}{\376\377\000A\000d\000v\000a\000n\000c\000e\000d\000\040\000P\000r\000o\000b\000l\000e\000m\000s}{appendix.E}% 354
\BOOKMARK [2][-]{subsection.E.2.1}{\376\377\000C\000h\000a\000p\000t\000e\000r\000\040\0001\000:\000\040\000T\000h\000e\000\040\000P\000o\000i\000n\000c\000a\000r\000\351\000\040\000C\000o\000n\000j\000e\000c\000t\000u\000r\000e}{section.E.2}% 355
\BOOKMARK [2][-]{subsection.E.2.2}{\376\377\000C\000h\000a\000p\000t\000e\000r\000\040\0002\000:\000\040\000T\000h\000e\000\040\000R\000i\000e\000m\000a\000n\000n\000\040\000H\000y\000p\000o\000t\000h\000e\000s\000i\000s}{section.E.2}% 356
\BOOKMARK [2][-]{subsection.E.2.3}{\376\377\000C\000h\000a\000p\000t\000e\000r\000\040\0003\000:\000\040\000P\000\040\000v\000s\000\040\000N\000P}{section.E.2}% 357
\BOOKMARK [2][-]{subsection.E.2.4}{\376\377\000C\000h\000a\000p\000t\000e\000r\000\040\0004\000:\000\040\000N\000a\000v\000i\000e\000r\040\023\000S\000t\000o\000k\000e\000s\000\040\000E\000q\000u\000a\000t\000i\000o\000n\000s}{section.E.2}% 358
\BOOKMARK [2][-]{subsection.E.2.5}{\376\377\000C\000h\000a\000p\000t\000e\000r\000\040\0005\000:\000\040\000Y\000a\000n\000g\040\023\000M\000i\000l\000l\000s\000\040\000T\000h\000e\000o\000r\000y}{section.E.2}% 359
\BOOKMARK [2][-]{subsection.E.2.6}{\376\377\000C\000h\000a\000p\000t\000e\000r\000\040\0006\000:\000\040\000T\000h\000e\000\040\000H\000o\000d\000g\000e\000\040\000C\000o\000n\000j\000e\000c\000t\000u\000r\000e}{section.E.2}% 360
\BOOKMARK [2][-]{subsection.E.2.7}{\376\377\000C\000h\000a\000p\000t\000e\000r\000\040\0007\000:\000\040\000B\000i\000r\000c\000h\000\040\000a\000n\000d\000\040\000S\000w\000i\000n\000n\000e\000r\000t\000o\000n\000-\000D\000y\000e\000r\000\040\000C\000o\000n\000j\000e\000c\000t\000u\000r\000e}{section.E.2}% 361
\BOOKMARK [1][-]{section.E.3}{\376\377\000H\000i\000n\000t\000s\000\040\000a\000n\000d\000\040\000S\000o\000l\000u\000t\000i\000o\000n\000s}{appendix.E}% 362
\BOOKMARK [2][-]{subsection.E.3.1}{\376\377\000R\000e\000v\000i\000e\000w\000\040\000E\000x\000e\000r\000c\000i\000s\000e\000\040\000H\000i\000n\000t\000s}{section.E.3}% 363
\BOOKMARK [2][-]{subsection.E.3.2}{\376\377\000A\000d\000v\000a\000n\000c\000e\000d\000\040\000P\000r\000o\000b\000l\000e\000m\000\040\000H\000i\000n\000t\000s}{section.E.3}% 364
\BOOKMARK [2][-]{subsection.E.3.3}{\376\377\000S\000e\000l\000e\000c\000t\000e\000d\000\040\000F\000u\000l\000l\000\040\000S\000o\000l\000u\000t\000i\000o\000n\000s}{section.E.3}% 365
\BOOKMARK [0][-]{appendix*.22}{\376\377\000E\000p\000i\000l\000o\000g\000u\000e}{part.2}% 366
